2022-03-20 00:00:00.278 [Eureka-EvictionTimer] INFO  c.netflix.eureka.registry.AbstractInstanceRegistry - Running the evict task with compensationTime 7ms
2022-03-20 00:01:00.284 [Eureka-EvictionTimer] INFO  c.netflix.eureka.registry.AbstractInstanceRegistry - Running the evict task with compensationTime 6ms
2022-03-20 00:02:00.285 [Eureka-EvictionTimer] INFO  c.netflix.eureka.registry.AbstractInstanceRegistry - Running the evict task with compensationTime 0ms
2022-03-20 00:02:59.838 [ReplicaAwareInstanceRegistry - RenewalThresholdUpdater] INFO  c.n.eureka.registry.PeerAwareInstanceRegistryImpl - Current renewal threshold is : 5
2022-03-20 00:03:00.294 [Eureka-EvictionTimer] INFO  c.netflix.eureka.registry.AbstractInstanceRegistry - Running the evict task with compensationTime 9ms
2022-03-20 00:04:00.302 [Eureka-EvictionTimer] INFO  c.netflix.eureka.registry.AbstractInstanceRegistry - Running the evict task with compensationTime 7ms
2022-03-20 00:05:00.303 [Eureka-EvictionTimer] INFO  c.netflix.eureka.registry.AbstractInstanceRegistry - Running the evict task with compensationTime 0ms
2022-03-20 00:06:00.303 [Eureka-EvictionTimer] INFO  c.netflix.eureka.registry.AbstractInstanceRegistry - Running the evict task with compensationTime 0ms
2022-03-20 00:07:00.310 [Eureka-EvictionTimer] INFO  c.netflix.eureka.registry.AbstractInstanceRegistry - Running the evict task with compensationTime 6ms
2022-03-20 00:07:59.829 [Eureka-PeerNodesUpdater] WARN  com.netflix.eureka.cluster.PeerEurekaNodes - The replica size seems to be empty. Check the route 53 DNS Registry
2022-03-20 00:08:00.315 [Eureka-EvictionTimer] INFO  c.netflix.eureka.registry.AbstractInstanceRegistry - Running the evict task with compensationTime 4ms
2022-03-20 00:09:00.320 [Eureka-EvictionTimer] INFO  c.netflix.eureka.registry.AbstractInstanceRegistry - Running the evict task with compensationTime 5ms
2022-03-20 00:10:00.324 [Eureka-EvictionTimer] INFO  c.netflix.eureka.registry.AbstractInstanceRegistry - Running the evict task with compensationTime 3ms
2022-03-20 00:11:00.334 [Eureka-EvictionTimer] INFO  c.netflix.eureka.registry.AbstractInstanceRegistry - Running the evict task with compensationTime 9ms
2022-03-20 00:12:00.343 [Eureka-EvictionTimer] INFO  c.netflix.eureka.registry.AbstractInstanceRegistry - Running the evict task with compensationTime 9ms
2022-03-20 00:13:00.343 [Eureka-EvictionTimer] INFO  c.netflix.eureka.registry.AbstractInstanceRegistry - Running the evict task with compensationTime 0ms
2022-03-20 00:14:00.347 [Eureka-EvictionTimer] INFO  c.netflix.eureka.registry.AbstractInstanceRegistry - Running the evict task with compensationTime 3ms
2022-03-20 00:15:00.349 [Eureka-EvictionTimer] INFO  c.netflix.eureka.registry.AbstractInstanceRegistry - Running the evict task with compensationTime 2ms
2022-03-20 00:16:00.360 [Eureka-EvictionTimer] INFO  c.netflix.eureka.registry.AbstractInstanceRegistry - Running the evict task with compensationTime 10ms
2022-03-20 00:17:00.370 [Eureka-EvictionTimer] INFO  c.netflix.eureka.registry.AbstractInstanceRegistry - Running the evict task with compensationTime 10ms
2022-03-20 00:17:59.840 [Eureka-PeerNodesUpdater] WARN  com.netflix.eureka.cluster.PeerEurekaNodes - The replica size seems to be empty. Check the route 53 DNS Registry
2022-03-20 00:17:59.840 [ReplicaAwareInstanceRegistry - RenewalThresholdUpdater] INFO  c.n.eureka.registry.PeerAwareInstanceRegistryImpl - Current renewal threshold is : 5
2022-03-20 00:18:00.383 [Eureka-EvictionTimer] INFO  c.netflix.eureka.registry.AbstractInstanceRegistry - Running the evict task with compensationTime 12ms
2022-03-20 00:19:00.386 [Eureka-EvictionTimer] INFO  c.netflix.eureka.registry.AbstractInstanceRegistry - Running the evict task with compensationTime 3ms
2022-03-20 00:20:00.387 [Eureka-EvictionTimer] INFO  c.netflix.eureka.registry.AbstractInstanceRegistry - Running the evict task with compensationTime 0ms
2022-03-20 00:21:00.394 [Eureka-EvictionTimer] INFO  c.netflix.eureka.registry.AbstractInstanceRegistry - Running the evict task with compensationTime 7ms
2022-03-20 00:22:00.400 [Eureka-EvictionTimer] INFO  c.netflix.eureka.registry.AbstractInstanceRegistry - Running the evict task with compensationTime 5ms
2022-03-20 00:23:00.403 [Eureka-EvictionTimer] INFO  c.netflix.eureka.registry.AbstractInstanceRegistry - Running the evict task with compensationTime 2ms
2022-03-20 00:24:00.419 [Eureka-EvictionTimer] INFO  c.netflix.eureka.registry.AbstractInstanceRegistry - Running the evict task with compensationTime 12ms
2022-03-20 00:25:00.417 [Eureka-EvictionTimer] INFO  c.netflix.eureka.registry.AbstractInstanceRegistry - Running the evict task with compensationTime 1ms
2022-03-20 00:26:00.418 [Eureka-EvictionTimer] INFO  c.netflix.eureka.registry.AbstractInstanceRegistry - Running the evict task with compensationTime 0ms
2022-03-20 00:27:00.421 [Eureka-EvictionTimer] INFO  c.netflix.eureka.registry.AbstractInstanceRegistry - Running the evict task with compensationTime 2ms
2022-03-20 00:27:59.847 [Eureka-PeerNodesUpdater] WARN  com.netflix.eureka.cluster.PeerEurekaNodes - The replica size seems to be empty. Check the route 53 DNS Registry
2022-03-20 00:28:00.431 [Eureka-EvictionTimer] INFO  c.netflix.eureka.registry.AbstractInstanceRegistry - Running the evict task with compensationTime 9ms
2022-03-20 00:29:00.436 [Eureka-EvictionTimer] INFO  c.netflix.eureka.registry.AbstractInstanceRegistry - Running the evict task with compensationTime 5ms
2022-03-20 00:30:00.449 [Eureka-EvictionTimer] INFO  c.netflix.eureka.registry.AbstractInstanceRegistry - Running the evict task with compensationTime 12ms
2022-03-20 00:31:00.461 [Eureka-EvictionTimer] INFO  c.netflix.eureka.registry.AbstractInstanceRegistry - Running the evict task with compensationTime 11ms
2022-03-20 00:32:00.467 [Eureka-EvictionTimer] INFO  c.netflix.eureka.registry.AbstractInstanceRegistry - Running the evict task with compensationTime 5ms
2022-03-20 00:32:59.842 [ReplicaAwareInstanceRegistry - RenewalThresholdUpdater] INFO  c.n.eureka.registry.PeerAwareInstanceRegistryImpl - Current renewal threshold is : 5
2022-03-20 00:33:00.479 [Eureka-EvictionTimer] INFO  c.netflix.eureka.registry.AbstractInstanceRegistry - Running the evict task with compensationTime 12ms
2022-03-20 00:34:00.482 [Eureka-EvictionTimer] INFO  c.netflix.eureka.registry.AbstractInstanceRegistry - Running the evict task with compensationTime 2ms
2022-03-20 00:35:00.494 [Eureka-EvictionTimer] INFO  c.netflix.eureka.registry.AbstractInstanceRegistry - Running the evict task with compensationTime 12ms
2022-03-20 00:36:00.497 [Eureka-EvictionTimer] INFO  c.netflix.eureka.registry.AbstractInstanceRegistry - Running the evict task with compensationTime 2ms
2022-03-20 00:37:00.502 [Eureka-EvictionTimer] INFO  c.netflix.eureka.registry.AbstractInstanceRegistry - Running the evict task with compensationTime 4ms
2022-03-20 00:37:59.856 [Eureka-PeerNodesUpdater] WARN  com.netflix.eureka.cluster.PeerEurekaNodes - The replica size seems to be empty. Check the route 53 DNS Registry
2022-03-20 00:38:00.503 [Eureka-EvictionTimer] INFO  c.netflix.eureka.registry.AbstractInstanceRegistry - Running the evict task with compensationTime 0ms
2022-03-20 00:39:00.503 [Eureka-EvictionTimer] INFO  c.netflix.eureka.registry.AbstractInstanceRegistry - Running the evict task with compensationTime 0ms
2022-03-20 00:40:00.506 [Eureka-EvictionTimer] INFO  c.netflix.eureka.registry.AbstractInstanceRegistry - Running the evict task with compensationTime 2ms
2022-03-20 00:41:00.512 [Eureka-EvictionTimer] INFO  c.netflix.eureka.registry.AbstractInstanceRegistry - Running the evict task with compensationTime 6ms
2022-03-20 00:42:00.517 [Eureka-EvictionTimer] INFO  c.netflix.eureka.registry.AbstractInstanceRegistry - Running the evict task with compensationTime 4ms
2022-03-20 00:43:00.519 [Eureka-EvictionTimer] INFO  c.netflix.eureka.registry.AbstractInstanceRegistry - Running the evict task with compensationTime 1ms
2022-03-20 00:44:00.522 [Eureka-EvictionTimer] INFO  c.netflix.eureka.registry.AbstractInstanceRegistry - Running the evict task with compensationTime 3ms
2022-03-20 00:45:00.525 [Eureka-EvictionTimer] INFO  c.netflix.eureka.registry.AbstractInstanceRegistry - Running the evict task with compensationTime 2ms
2022-03-20 00:46:00.528 [Eureka-EvictionTimer] INFO  c.netflix.eureka.registry.AbstractInstanceRegistry - Running the evict task with compensationTime 3ms
2022-03-20 00:47:00.540 [Eureka-EvictionTimer] INFO  c.netflix.eureka.registry.AbstractInstanceRegistry - Running the evict task with compensationTime 11ms
2022-03-20 00:47:59.844 [ReplicaAwareInstanceRegistry - RenewalThresholdUpdater] INFO  c.n.eureka.registry.PeerAwareInstanceRegistryImpl - Current renewal threshold is : 5
2022-03-20 00:47:59.864 [Eureka-PeerNodesUpdater] WARN  com.netflix.eureka.cluster.PeerEurekaNodes - The replica size seems to be empty. Check the route 53 DNS Registry
2022-03-20 00:48:00.544 [Eureka-EvictionTimer] INFO  c.netflix.eureka.registry.AbstractInstanceRegistry - Running the evict task with compensationTime 4ms
2022-03-20 00:49:00.550 [Eureka-EvictionTimer] INFO  c.netflix.eureka.registry.AbstractInstanceRegistry - Running the evict task with compensationTime 5ms
2022-03-20 00:50:00.551 [Eureka-EvictionTimer] INFO  c.netflix.eureka.registry.AbstractInstanceRegistry - Running the evict task with compensationTime 1ms
2022-03-20 00:51:00.554 [Eureka-EvictionTimer] INFO  c.netflix.eureka.registry.AbstractInstanceRegistry - Running the evict task with compensationTime 2ms
2022-03-20 00:51:50.217 [http-nio-8761-exec-9] INFO  c.netflix.eureka.registry.AbstractInstanceRegistry - Registered instance CYJ-AUTH/NOICE:cyj-auth:8100 with status DOWN (replication=false)
2022-03-20 00:51:50.243 [SpringContextShutdownHook] INFO  o.s.c.n.e.serviceregistry.EurekaServiceRegistry - Unregistering application CYJ-DISCOVERY with eureka with status DOWN
2022-03-20 00:51:50.307 [http-nio-8761-exec-10] INFO  c.netflix.eureka.registry.AbstractInstanceRegistry - Registered instance CYJ-ENTITY-CREATER/NOICE:cyj-entity-creater:8020 with status DOWN (replication=false)
2022-03-20 00:51:50.663 [SpringContextShutdownHook] INFO  com.netflix.eureka.DefaultEurekaServerContext - Shutting down ...
2022-03-20 00:51:50.677 [SpringContextShutdownHook] INFO  com.netflix.eureka.DefaultEurekaServerContext - Shut down
2022-03-20 00:51:50.687 [SpringContextShutdownHook] INFO  o.s.scheduling.concurrent.ThreadPoolTaskExecutor - Shutting down ExecutorService 'applicationTaskExecutor'
2022-03-20 00:51:50.698 [SpringContextShutdownHook] INFO  com.netflix.discovery.DiscoveryClient - Shutting down DiscoveryClient ...
2022-03-20 00:51:50.698 [SpringContextShutdownHook] INFO  com.netflix.discovery.DiscoveryClient - Completed shut down of DiscoveryClient
2022-03-20 00:52:13.600 [background-preinit] INFO  org.hibernate.validator.internal.util.Version - HV000001: Hibernate Validator 6.1.7.Final
2022-03-20 00:52:14.900 [main] INFO  com.example.cyjdiscovery.CyjDiscoveryApplication - The following profiles are active: dev
2022-03-20 00:52:15.508 [main] WARN  o.springframework.boot.actuate.endpoint.EndpointId - Endpoint ID 'service-registry' contains invalid characters, please migrate to a valid format.
2022-03-20 00:52:15.623 [main] INFO  o.springframework.cloud.context.scope.GenericScope - BeanFactory id=c8e55742-bb71-3a72-be02-b28b51f08dbd
2022-03-20 00:52:15.910 [main] INFO  o.s.boot.web.embedded.tomcat.TomcatWebServer - Tomcat initialized with port(s): 8761 (http)
2022-03-20 00:52:15.935 [main] INFO  org.apache.coyote.http11.Http11NioProtocol - Initializing ProtocolHandler ["http-nio-8761"]
2022-03-20 00:52:15.935 [main] INFO  org.apache.catalina.core.StandardService - Starting service [Tomcat]
2022-03-20 00:52:15.935 [main] INFO  org.apache.catalina.core.StandardEngine - Starting Servlet engine: [Apache Tomcat/9.0.41]
2022-03-20 00:52:16.073 [main] INFO  o.a.c.core.ContainerBase.[Tomcat].[localhost].[/] - Initializing Spring embedded WebApplicationContext
2022-03-20 00:52:16.074 [main] INFO  o.s.b.w.s.c.ServletWebServerApplicationContext - Root WebApplicationContext: initialization completed in 1163 ms
2022-03-20 00:52:16.255 [main] INFO  com.netflix.config.sources.URLConfigurationSource - URLs to be used as dynamic configuration source: [file:/C:/Users/noice/IdeaProjects/noice-admin/cyj-discovery/target/classes/config.properties]
2022-03-20 00:52:16.276 [main] INFO  com.netflix.config.DynamicPropertyFactory - DynamicPropertyFactory is initialized with configuration sources: com.netflix.config.ConcurrentCompositeConfiguration@14982a82
2022-03-20 00:52:16.596 [main] INFO  c.s.j.server.impl.application.WebApplicationImpl - Initiating Jersey application, version 'Jersey: 1.19.4 05/24/2017 03:20 PM'
2022-03-20 00:52:16.669 [main] INFO  c.n.discovery.provider.DiscoveryJerseyProvider - Using JSON encoding codec LegacyJacksonJson
2022-03-20 00:52:16.669 [main] INFO  c.n.discovery.provider.DiscoveryJerseyProvider - Using JSON decoding codec LegacyJacksonJson
2022-03-20 00:52:16.754 [main] INFO  c.n.discovery.provider.DiscoveryJerseyProvider - Using XML encoding codec XStreamXml
2022-03-20 00:52:16.754 [main] INFO  c.n.discovery.provider.DiscoveryJerseyProvider - Using XML decoding codec XStreamXml
2022-03-20 00:52:17.089 [main] INFO  com.netflix.config.sources.URLConfigurationSource - URLs to be used as dynamic configuration source: [file:/C:/Users/noice/IdeaProjects/noice-admin/cyj-discovery/target/classes/config.properties]
2022-03-20 00:52:17.226 [main] INFO  o.s.scheduling.concurrent.ThreadPoolTaskExecutor - Initializing ExecutorService 'applicationTaskExecutor'
2022-03-20 00:52:18.329 [main] INFO  o.s.c.n.e.c.DiscoveryClientOptionalArgsConfiguration - Eureka HTTP Client uses Jersey
2022-03-20 00:52:18.349 [main] WARN  o.s.c.l.c.BlockingLoadBalancerClientAutoConfiguration$BlockingLoadBalancerClientRibbonWarnLogger - You already have RibbonLoadBalancerClient on your classpath. It will be used by default. As Spring Cloud Ribbon is in maintenance mode. We recommend switching to BlockingLoadBalancerClient instead. In order to use it, set the value of `spring.cloud.loadbalancer.ribbon.enabled` to `false` or remove spring-cloud-starter-netflix-ribbon from your project.
2022-03-20 00:52:18.390 [main] INFO  o.s.cloud.netflix.eureka.InstanceInfoFactory - Setting initial instance status as: STARTING
2022-03-20 00:52:18.426 [main] INFO  com.netflix.discovery.DiscoveryClient - Initializing Eureka in region us-east-1
2022-03-20 00:52:18.426 [main] INFO  com.netflix.discovery.DiscoveryClient - Client configured to neither register nor query for data.
2022-03-20 00:52:18.436 [main] INFO  com.netflix.discovery.DiscoveryClient - Discovery Client initialized at timestamp 1647708738426 with initial instances count: 0
2022-03-20 00:52:18.487 [main] INFO  com.netflix.eureka.DefaultEurekaServerContext - Initializing ...
2022-03-20 00:52:18.490 [main] WARN  com.netflix.eureka.cluster.PeerEurekaNodes - The replica size seems to be empty. Check the route 53 DNS Registry
2022-03-20 00:52:18.504 [main] INFO  c.netflix.eureka.registry.AbstractInstanceRegistry - Finished initializing remote region registries. All known remote regions: []
2022-03-20 00:52:18.504 [main] INFO  com.netflix.eureka.DefaultEurekaServerContext - Initialized
2022-03-20 00:52:18.527 [main] INFO  o.s.b.actuate.endpoint.web.EndpointLinksResolver - Exposing 2 endpoint(s) beneath base path '/actuator'
2022-03-20 00:52:18.594 [main] INFO  o.s.c.n.e.serviceregistry.EurekaServiceRegistry - Registering application CYJ-DISCOVERY with eureka with status UP
2022-03-20 00:52:18.605 [main] INFO  org.apache.coyote.http11.Http11NioProtocol - Starting ProtocolHandler ["http-nio-8761"]
2022-03-20 00:52:18.605 [Thread-20] INFO  o.s.c.netflix.eureka.server.EurekaServerBootstrap - Setting the eureka configuration..
2022-03-20 00:52:18.605 [Thread-20] INFO  o.s.c.netflix.eureka.server.EurekaServerBootstrap - Eureka data center value eureka.datacenter is not set, defaulting to default
2022-03-20 00:52:18.606 [Thread-20] INFO  o.s.c.netflix.eureka.server.EurekaServerBootstrap - Eureka environment value eureka.environment is not set, defaulting to test
2022-03-20 00:52:18.615 [Thread-20] INFO  o.s.c.netflix.eureka.server.EurekaServerBootstrap - isAws returned false
2022-03-20 00:52:18.619 [Thread-20] INFO  o.s.c.netflix.eureka.server.EurekaServerBootstrap - Initialized server context
2022-03-20 00:52:18.619 [Thread-20] INFO  c.n.eureka.registry.PeerAwareInstanceRegistryImpl - Got 1 instances from neighboring DS node
2022-03-20 00:52:18.619 [Thread-20] INFO  c.n.eureka.registry.PeerAwareInstanceRegistryImpl - Renew threshold is: 1
2022-03-20 00:52:18.619 [Thread-20] INFO  c.n.eureka.registry.PeerAwareInstanceRegistryImpl - Changing status to UP
2022-03-20 00:52:18.625 [Thread-20] INFO  o.s.c.n.e.s.EurekaServerInitializerConfiguration - Started Eureka Server
2022-03-20 00:52:18.632 [main] INFO  o.s.boot.web.embedded.tomcat.TomcatWebServer - Tomcat started on port(s): 8761 (http) with context path ''
2022-03-20 00:52:18.632 [main] INFO  o.s.c.n.e.s.EurekaAutoServiceRegistration - Updating port to 8761
2022-03-20 00:52:19.070 [main] INFO  com.example.cyjdiscovery.CyjDiscoveryApplication - Started CyjDiscoveryApplication in 6.355 seconds (JVM running for 7.18)
2022-03-20 00:52:19.585 [RMI TCP Connection(1)-192.168.1.9] INFO  o.a.c.core.ContainerBase.[Tomcat].[localhost].[/] - Initializing Spring DispatcherServlet 'dispatcherServlet'
2022-03-20 00:52:19.589 [RMI TCP Connection(1)-192.168.1.9] INFO  org.springframework.web.servlet.DispatcherServlet - Initializing Servlet 'dispatcherServlet'
2022-03-20 00:52:19.597 [RMI TCP Connection(1)-192.168.1.9] INFO  org.springframework.web.servlet.DispatcherServlet - Completed initialization in 8 ms
2022-03-20 00:52:51.036 [http-nio-8761-exec-4] INFO  c.netflix.eureka.registry.AbstractInstanceRegistry - Registered instance CYJ-AUTH/NOICE:cyj-auth:8100 with status UP (replication=false)
2022-03-20 00:53:11.981 [http-nio-8761-exec-2] INFO  c.netflix.eureka.registry.AbstractInstanceRegistry - Registered instance CYJ-ENTITY-CREATER/NOICE:cyj-entity-creater:8020 with status UP (replication=false)
2022-03-20 00:53:18.627 [Eureka-EvictionTimer] INFO  c.netflix.eureka.registry.AbstractInstanceRegistry - Running the evict task with compensationTime 0ms
2022-03-20 00:54:18.628 [Eureka-EvictionTimer] INFO  c.netflix.eureka.registry.AbstractInstanceRegistry - Running the evict task with compensationTime 1ms
2022-03-20 00:55:18.636 [Eureka-EvictionTimer] INFO  c.netflix.eureka.registry.AbstractInstanceRegistry - Running the evict task with compensationTime 7ms
2022-03-20 00:56:18.643 [Eureka-EvictionTimer] INFO  c.netflix.eureka.registry.AbstractInstanceRegistry - Running the evict task with compensationTime 6ms
2022-03-20 00:57:18.648 [Eureka-EvictionTimer] INFO  c.netflix.eureka.registry.AbstractInstanceRegistry - Running the evict task with compensationTime 5ms
2022-03-20 00:58:18.658 [Eureka-EvictionTimer] INFO  c.netflix.eureka.registry.AbstractInstanceRegistry - Running the evict task with compensationTime 9ms
2022-03-20 00:59:18.665 [Eureka-EvictionTimer] INFO  c.netflix.eureka.registry.AbstractInstanceRegistry - Running the evict task with compensationTime 6ms
2022-03-20 01:00:18.666 [Eureka-EvictionTimer] INFO  c.netflix.eureka.registry.AbstractInstanceRegistry - Running the evict task with compensationTime 1ms
2022-03-20 01:01:18.666 [Eureka-EvictionTimer] INFO  c.netflix.eureka.registry.AbstractInstanceRegistry - Running the evict task with compensationTime 0ms
2022-03-20 01:02:18.491 [Eureka-PeerNodesUpdater] WARN  com.netflix.eureka.cluster.PeerEurekaNodes - The replica size seems to be empty. Check the route 53 DNS Registry
2022-03-20 01:02:18.671 [Eureka-EvictionTimer] INFO  c.netflix.eureka.registry.AbstractInstanceRegistry - Running the evict task with compensationTime 4ms
2022-03-20 01:03:18.678 [Eureka-EvictionTimer] INFO  c.netflix.eureka.registry.AbstractInstanceRegistry - Running the evict task with compensationTime 7ms
2022-03-20 01:04:18.684 [Eureka-EvictionTimer] INFO  c.netflix.eureka.registry.AbstractInstanceRegistry - Running the evict task with compensationTime 5ms
2022-03-20 01:05:18.692 [Eureka-EvictionTimer] INFO  c.netflix.eureka.registry.AbstractInstanceRegistry - Running the evict task with compensationTime 8ms
2022-03-20 01:06:18.702 [Eureka-EvictionTimer] INFO  c.netflix.eureka.registry.AbstractInstanceRegistry - Running the evict task with compensationTime 9ms
2022-03-20 01:07:18.519 [ReplicaAwareInstanceRegistry - RenewalThresholdUpdater] INFO  c.n.eureka.registry.PeerAwareInstanceRegistryImpl - Current renewal threshold is : 5
2022-03-20 01:07:18.704 [Eureka-EvictionTimer] INFO  c.netflix.eureka.registry.AbstractInstanceRegistry - Running the evict task with compensationTime 2ms
2022-03-20 01:08:18.705 [Eureka-EvictionTimer] INFO  c.netflix.eureka.registry.AbstractInstanceRegistry - Running the evict task with compensationTime 1ms
2022-03-20 01:09:18.709 [Eureka-EvictionTimer] INFO  c.netflix.eureka.registry.AbstractInstanceRegistry - Running the evict task with compensationTime 3ms
2022-03-20 01:10:18.711 [Eureka-EvictionTimer] INFO  c.netflix.eureka.registry.AbstractInstanceRegistry - Running the evict task with compensationTime 2ms
2022-03-20 01:11:18.715 [Eureka-EvictionTimer] INFO  c.netflix.eureka.registry.AbstractInstanceRegistry - Running the evict task with compensationTime 3ms
2022-03-20 01:12:18.498 [Eureka-PeerNodesUpdater] WARN  com.netflix.eureka.cluster.PeerEurekaNodes - The replica size seems to be empty. Check the route 53 DNS Registry
2022-03-20 01:12:18.722 [Eureka-EvictionTimer] INFO  c.netflix.eureka.registry.AbstractInstanceRegistry - Running the evict task with compensationTime 7ms
2022-03-20 01:13:03.986 [http-nio-8761-exec-2] INFO  c.netflix.eureka.registry.AbstractInstanceRegistry - Registered instance CYJ-AUTH/NOICE:cyj-auth:8100 with status DOWN (replication=false)
2022-03-20 01:13:04.129 [SpringContextShutdownHook] INFO  o.s.c.n.e.serviceregistry.EurekaServiceRegistry - Unregistering application CYJ-DISCOVERY with eureka with status DOWN
2022-03-20 01:13:04.611 [http-nio-8761-exec-3] INFO  c.netflix.eureka.registry.AbstractInstanceRegistry - Registered instance CYJ-ENTITY-CREATER/NOICE:cyj-entity-creater:8020 with status DOWN (replication=false)
2022-03-20 01:13:04.673 [SpringContextShutdownHook] INFO  com.netflix.eureka.DefaultEurekaServerContext - Shutting down ...
2022-03-20 01:13:04.694 [SpringContextShutdownHook] INFO  com.netflix.eureka.DefaultEurekaServerContext - Shut down
2022-03-20 01:13:04.723 [SpringContextShutdownHook] INFO  o.s.scheduling.concurrent.ThreadPoolTaskExecutor - Shutting down ExecutorService 'applicationTaskExecutor'
2022-03-20 01:13:04.730 [SpringContextShutdownHook] INFO  com.netflix.discovery.DiscoveryClient - Shutting down DiscoveryClient ...
2022-03-20 01:13:04.731 [SpringContextShutdownHook] INFO  com.netflix.discovery.DiscoveryClient - Completed shut down of DiscoveryClient
2022-03-20 19:41:56.337 [background-preinit] INFO  org.hibernate.validator.internal.util.Version - HV000001: Hibernate Validator 6.1.7.Final
2022-03-20 19:41:57.622 [main] INFO  com.example.cyjdiscovery.CyjDiscoveryApplication - The following profiles are active: dev
2022-03-20 19:41:58.844 [main] WARN  o.springframework.boot.actuate.endpoint.EndpointId - Endpoint ID 'service-registry' contains invalid characters, please migrate to a valid format.
2022-03-20 19:41:59.084 [main] INFO  o.springframework.cloud.context.scope.GenericScope - BeanFactory id=c8e55742-bb71-3a72-be02-b28b51f08dbd
2022-03-20 19:41:59.604 [main] INFO  o.s.boot.web.embedded.tomcat.TomcatWebServer - Tomcat initialized with port(s): 8761 (http)
2022-03-20 19:41:59.614 [main] INFO  org.apache.coyote.http11.Http11NioProtocol - Initializing ProtocolHandler ["http-nio-8761"]
2022-03-20 19:41:59.615 [main] INFO  org.apache.catalina.core.StandardService - Starting service [Tomcat]
2022-03-20 19:41:59.615 [main] INFO  org.apache.catalina.core.StandardEngine - Starting Servlet engine: [Apache Tomcat/9.0.41]
2022-03-20 19:41:59.795 [main] INFO  o.a.c.core.ContainerBase.[Tomcat].[localhost].[/] - Initializing Spring embedded WebApplicationContext
2022-03-20 19:41:59.795 [main] INFO  o.s.b.w.s.c.ServletWebServerApplicationContext - Root WebApplicationContext: initialization completed in 2145 ms
2022-03-20 19:42:00.011 [main] INFO  com.netflix.config.sources.URLConfigurationSource - URLs to be used as dynamic configuration source: [file:/C:/Users/noice/IdeaProjects/noice-admin/cyj-discovery/target/classes/config.properties]
2022-03-20 19:42:00.027 [main] INFO  com.netflix.config.DynamicPropertyFactory - DynamicPropertyFactory is initialized with configuration sources: com.netflix.config.ConcurrentCompositeConfiguration@1ac4ccad
2022-03-20 19:42:00.496 [main] INFO  c.s.j.server.impl.application.WebApplicationImpl - Initiating Jersey application, version 'Jersey: 1.19.4 05/24/2017 03:20 PM'
2022-03-20 19:42:00.588 [main] INFO  c.n.discovery.provider.DiscoveryJerseyProvider - Using JSON encoding codec LegacyJacksonJson
2022-03-20 19:42:00.588 [main] INFO  c.n.discovery.provider.DiscoveryJerseyProvider - Using JSON decoding codec LegacyJacksonJson
2022-03-20 19:42:00.746 [main] INFO  c.n.discovery.provider.DiscoveryJerseyProvider - Using XML encoding codec XStreamXml
2022-03-20 19:42:00.746 [main] INFO  c.n.discovery.provider.DiscoveryJerseyProvider - Using XML decoding codec XStreamXml
2022-03-20 19:42:01.543 [main] INFO  com.netflix.config.sources.URLConfigurationSource - URLs to be used as dynamic configuration source: [file:/C:/Users/noice/IdeaProjects/noice-admin/cyj-discovery/target/classes/config.properties]
2022-03-20 19:42:01.807 [main] INFO  o.s.scheduling.concurrent.ThreadPoolTaskExecutor - Initializing ExecutorService 'applicationTaskExecutor'
2022-03-20 19:42:04.660 [main] INFO  o.s.c.n.e.c.DiscoveryClientOptionalArgsConfiguration - Eureka HTTP Client uses Jersey
2022-03-20 19:42:04.701 [main] WARN  o.s.c.l.c.BlockingLoadBalancerClientAutoConfiguration$BlockingLoadBalancerClientRibbonWarnLogger - You already have RibbonLoadBalancerClient on your classpath. It will be used by default. As Spring Cloud Ribbon is in maintenance mode. We recommend switching to BlockingLoadBalancerClient instead. In order to use it, set the value of `spring.cloud.loadbalancer.ribbon.enabled` to `false` or remove spring-cloud-starter-netflix-ribbon from your project.
2022-03-20 19:42:04.779 [main] INFO  o.s.cloud.netflix.eureka.InstanceInfoFactory - Setting initial instance status as: STARTING
2022-03-20 19:42:04.844 [main] INFO  com.netflix.discovery.DiscoveryClient - Initializing Eureka in region us-east-1
2022-03-20 19:42:04.855 [main] INFO  com.netflix.discovery.DiscoveryClient - Client configured to neither register nor query for data.
2022-03-20 19:42:04.867 [main] INFO  com.netflix.discovery.DiscoveryClient - Discovery Client initialized at timestamp 1647776524856 with initial instances count: 0
2022-03-20 19:42:04.936 [main] INFO  com.netflix.eureka.DefaultEurekaServerContext - Initializing ...
2022-03-20 19:42:04.950 [main] WARN  com.netflix.eureka.cluster.PeerEurekaNodes - The replica size seems to be empty. Check the route 53 DNS Registry
2022-03-20 19:42:04.968 [main] INFO  c.netflix.eureka.registry.AbstractInstanceRegistry - Finished initializing remote region registries. All known remote regions: []
2022-03-20 19:42:04.968 [main] INFO  com.netflix.eureka.DefaultEurekaServerContext - Initialized
2022-03-20 19:42:05.023 [main] INFO  o.s.b.actuate.endpoint.web.EndpointLinksResolver - Exposing 2 endpoint(s) beneath base path '/actuator'
2022-03-20 19:42:05.184 [main] INFO  o.s.c.n.e.serviceregistry.EurekaServiceRegistry - Registering application CYJ-DISCOVERY with eureka with status UP
2022-03-20 19:42:05.189 [main] INFO  org.apache.coyote.http11.Http11NioProtocol - Starting ProtocolHandler ["http-nio-8761"]
2022-03-20 19:42:05.194 [Thread-20] INFO  o.s.c.netflix.eureka.server.EurekaServerBootstrap - Setting the eureka configuration..
2022-03-20 19:42:05.196 [Thread-20] INFO  o.s.c.netflix.eureka.server.EurekaServerBootstrap - Eureka data center value eureka.datacenter is not set, defaulting to default
2022-03-20 19:42:05.197 [Thread-20] INFO  o.s.c.netflix.eureka.server.EurekaServerBootstrap - Eureka environment value eureka.environment is not set, defaulting to test
2022-03-20 19:42:05.214 [Thread-20] INFO  o.s.c.netflix.eureka.server.EurekaServerBootstrap - isAws returned false
2022-03-20 19:42:05.214 [Thread-20] INFO  o.s.c.netflix.eureka.server.EurekaServerBootstrap - Initialized server context
2022-03-20 19:42:05.214 [Thread-20] INFO  c.n.eureka.registry.PeerAwareInstanceRegistryImpl - Got 1 instances from neighboring DS node
2022-03-20 19:42:05.214 [Thread-20] INFO  c.n.eureka.registry.PeerAwareInstanceRegistryImpl - Renew threshold is: 1
2022-03-20 19:42:05.214 [Thread-20] INFO  c.n.eureka.registry.PeerAwareInstanceRegistryImpl - Changing status to UP
2022-03-20 19:42:05.229 [Thread-20] INFO  o.s.c.n.e.s.EurekaServerInitializerConfiguration - Started Eureka Server
2022-03-20 19:42:05.247 [main] INFO  o.s.boot.web.embedded.tomcat.TomcatWebServer - Tomcat started on port(s): 8761 (http) with context path ''
2022-03-20 19:42:05.247 [main] INFO  o.s.c.n.e.s.EurekaAutoServiceRegistration - Updating port to 8761
2022-03-20 19:42:05.958 [main] INFO  com.example.cyjdiscovery.CyjDiscoveryApplication - Started CyjDiscoveryApplication in 10.758 seconds (JVM running for 11.652)
2022-03-20 19:42:06.916 [RMI TCP Connection(21)-192.168.1.9] INFO  o.a.c.core.ContainerBase.[Tomcat].[localhost].[/] - Initializing Spring DispatcherServlet 'dispatcherServlet'
2022-03-20 19:42:06.916 [RMI TCP Connection(21)-192.168.1.9] INFO  org.springframework.web.servlet.DispatcherServlet - Initializing Servlet 'dispatcherServlet'
2022-03-20 19:42:06.927 [RMI TCP Connection(21)-192.168.1.9] INFO  org.springframework.web.servlet.DispatcherServlet - Completed initialization in 11 ms
2022-03-20 19:42:19.806 [http-nio-8761-exec-1] WARN  c.netflix.eureka.registry.AbstractInstanceRegistry - DS: Registry: lease doesn't exist, registering resource: CYJ-AUTH - NOICE:cyj-auth:8100
2022-03-20 19:42:19.808 [http-nio-8761-exec-1] WARN  com.netflix.eureka.resources.InstanceResource - Not Found (Renew): CYJ-AUTH - NOICE:cyj-auth:8100
2022-03-20 19:42:19.892 [http-nio-8761-exec-5] INFO  c.netflix.eureka.registry.AbstractInstanceRegistry - Registered instance CYJ-AUTH/NOICE:cyj-auth:8100 with status UP (replication=false)
2022-03-20 19:42:35.553 [http-nio-8761-exec-9] INFO  c.netflix.eureka.registry.AbstractInstanceRegistry - Registered instance CYJ-ENTITY-CREATER/NOICE:cyj-entity-creater:8020 with status UP (replication=false)
2022-03-20 19:43:05.223 [Eureka-EvictionTimer] INFO  c.netflix.eureka.registry.AbstractInstanceRegistry - Running the evict task with compensationTime 0ms
2022-03-20 19:43:33.570 [http-nio-8761-exec-5] INFO  c.netflix.eureka.registry.AbstractInstanceRegistry - Registered instance CYJ-AUTH/NOICE:cyj-auth:8100 with status DOWN (replication=false)
2022-03-20 19:43:33.606 [SpringContextShutdownHook] INFO  o.s.c.n.e.serviceregistry.EurekaServiceRegistry - Unregistering application CYJ-DISCOVERY with eureka with status DOWN
2022-03-20 19:43:33.674 [http-nio-8761-exec-8] INFO  c.netflix.eureka.registry.AbstractInstanceRegistry - Registered instance CYJ-ENTITY-CREATER/NOICE:cyj-entity-creater:8020 with status DOWN (replication=false)
2022-03-20 19:43:33.997 [SpringContextShutdownHook] INFO  com.netflix.eureka.DefaultEurekaServerContext - Shutting down ...
2022-03-20 19:43:34.011 [SpringContextShutdownHook] INFO  com.netflix.eureka.DefaultEurekaServerContext - Shut down
2022-03-20 19:43:34.019 [SpringContextShutdownHook] INFO  o.s.scheduling.concurrent.ThreadPoolTaskExecutor - Shutting down ExecutorService 'applicationTaskExecutor'
2022-03-20 19:43:34.024 [SpringContextShutdownHook] INFO  com.netflix.discovery.DiscoveryClient - Shutting down DiscoveryClient ...
2022-03-20 19:43:34.025 [SpringContextShutdownHook] INFO  com.netflix.discovery.DiscoveryClient - Completed shut down of DiscoveryClient
2022-03-20 19:43:58.414 [background-preinit] INFO  org.hibernate.validator.internal.util.Version - HV000001: Hibernate Validator 6.1.7.Final
2022-03-20 19:43:59.549 [main] INFO  com.example.cyjdiscovery.CyjDiscoveryApplication - The following profiles are active: dev
2022-03-20 19:44:00.693 [main] WARN  o.springframework.boot.actuate.endpoint.EndpointId - Endpoint ID 'service-registry' contains invalid characters, please migrate to a valid format.
2022-03-20 19:44:00.800 [main] INFO  o.springframework.cloud.context.scope.GenericScope - BeanFactory id=c8e55742-bb71-3a72-be02-b28b51f08dbd
2022-03-20 19:44:01.108 [main] INFO  o.s.boot.web.embedded.tomcat.TomcatWebServer - Tomcat initialized with port(s): 8761 (http)
2022-03-20 19:44:01.119 [main] INFO  org.apache.coyote.http11.Http11NioProtocol - Initializing ProtocolHandler ["http-nio-8761"]
2022-03-20 19:44:01.119 [main] INFO  org.apache.catalina.core.StandardService - Starting service [Tomcat]
2022-03-20 19:44:01.119 [main] INFO  org.apache.catalina.core.StandardEngine - Starting Servlet engine: [Apache Tomcat/9.0.41]
2022-03-20 19:44:01.251 [main] INFO  o.a.c.core.ContainerBase.[Tomcat].[localhost].[/] - Initializing Spring embedded WebApplicationContext
2022-03-20 19:44:01.251 [main] INFO  o.s.b.w.s.c.ServletWebServerApplicationContext - Root WebApplicationContext: initialization completed in 1691 ms
2022-03-20 19:44:01.466 [main] INFO  com.netflix.config.sources.URLConfigurationSource - URLs to be used as dynamic configuration source: [file:/C:/Users/noice/IdeaProjects/noice-admin/cyj-discovery/target/classes/config.properties]
2022-03-20 19:44:01.497 [main] INFO  com.netflix.config.DynamicPropertyFactory - DynamicPropertyFactory is initialized with configuration sources: com.netflix.config.ConcurrentCompositeConfiguration@14982a82
2022-03-20 19:44:01.991 [main] INFO  c.s.j.server.impl.application.WebApplicationImpl - Initiating Jersey application, version 'Jersey: 1.19.4 05/24/2017 03:20 PM'
2022-03-20 19:44:02.088 [main] INFO  c.n.discovery.provider.DiscoveryJerseyProvider - Using JSON encoding codec LegacyJacksonJson
2022-03-20 19:44:02.089 [main] INFO  c.n.discovery.provider.DiscoveryJerseyProvider - Using JSON decoding codec LegacyJacksonJson
2022-03-20 19:44:02.261 [main] INFO  c.n.discovery.provider.DiscoveryJerseyProvider - Using XML encoding codec XStreamXml
2022-03-20 19:44:02.261 [main] INFO  c.n.discovery.provider.DiscoveryJerseyProvider - Using XML decoding codec XStreamXml
2022-03-20 19:44:02.822 [main] INFO  com.netflix.config.sources.URLConfigurationSource - URLs to be used as dynamic configuration source: [file:/C:/Users/noice/IdeaProjects/noice-admin/cyj-discovery/target/classes/config.properties]
2022-03-20 19:44:03.061 [main] INFO  o.s.scheduling.concurrent.ThreadPoolTaskExecutor - Initializing ExecutorService 'applicationTaskExecutor'
2022-03-20 19:44:05.360 [main] INFO  o.s.c.n.e.c.DiscoveryClientOptionalArgsConfiguration - Eureka HTTP Client uses Jersey
2022-03-20 19:44:05.393 [main] WARN  o.s.c.l.c.BlockingLoadBalancerClientAutoConfiguration$BlockingLoadBalancerClientRibbonWarnLogger - You already have RibbonLoadBalancerClient on your classpath. It will be used by default. As Spring Cloud Ribbon is in maintenance mode. We recommend switching to BlockingLoadBalancerClient instead. In order to use it, set the value of `spring.cloud.loadbalancer.ribbon.enabled` to `false` or remove spring-cloud-starter-netflix-ribbon from your project.
2022-03-20 19:44:05.477 [main] INFO  o.s.cloud.netflix.eureka.InstanceInfoFactory - Setting initial instance status as: STARTING
2022-03-20 19:44:05.516 [main] INFO  com.netflix.discovery.DiscoveryClient - Initializing Eureka in region us-east-1
2022-03-20 19:44:05.528 [main] INFO  com.netflix.discovery.DiscoveryClient - Client configured to neither register nor query for data.
2022-03-20 19:44:05.535 [main] INFO  com.netflix.discovery.DiscoveryClient - Discovery Client initialized at timestamp 1647776645535 with initial instances count: 0
2022-03-20 19:44:05.601 [main] INFO  com.netflix.eureka.DefaultEurekaServerContext - Initializing ...
2022-03-20 19:44:05.613 [main] WARN  com.netflix.eureka.cluster.PeerEurekaNodes - The replica size seems to be empty. Check the route 53 DNS Registry
2022-03-20 19:44:05.636 [main] INFO  c.netflix.eureka.registry.AbstractInstanceRegistry - Finished initializing remote region registries. All known remote regions: []
2022-03-20 19:44:05.636 [main] INFO  com.netflix.eureka.DefaultEurekaServerContext - Initialized
2022-03-20 19:44:05.660 [main] INFO  o.s.b.actuate.endpoint.web.EndpointLinksResolver - Exposing 2 endpoint(s) beneath base path '/actuator'
2022-03-20 19:44:05.775 [main] INFO  o.s.c.n.e.serviceregistry.EurekaServiceRegistry - Registering application CYJ-DISCOVERY with eureka with status UP
2022-03-20 19:44:05.775 [Thread-19] INFO  o.s.c.netflix.eureka.server.EurekaServerBootstrap - Setting the eureka configuration..
2022-03-20 19:44:05.775 [main] INFO  org.apache.coyote.http11.Http11NioProtocol - Starting ProtocolHandler ["http-nio-8761"]
2022-03-20 19:44:05.775 [Thread-19] INFO  o.s.c.netflix.eureka.server.EurekaServerBootstrap - Eureka data center value eureka.datacenter is not set, defaulting to default
2022-03-20 19:44:05.782 [Thread-19] INFO  o.s.c.netflix.eureka.server.EurekaServerBootstrap - Eureka environment value eureka.environment is not set, defaulting to test
2022-03-20 19:44:05.793 [Thread-19] INFO  o.s.c.netflix.eureka.server.EurekaServerBootstrap - isAws returned false
2022-03-20 19:44:05.793 [Thread-19] INFO  o.s.c.netflix.eureka.server.EurekaServerBootstrap - Initialized server context
2022-03-20 19:44:05.793 [Thread-19] INFO  c.n.eureka.registry.PeerAwareInstanceRegistryImpl - Got 1 instances from neighboring DS node
2022-03-20 19:44:05.793 [Thread-19] INFO  c.n.eureka.registry.PeerAwareInstanceRegistryImpl - Renew threshold is: 1
2022-03-20 19:44:05.793 [Thread-19] INFO  c.n.eureka.registry.PeerAwareInstanceRegistryImpl - Changing status to UP
2022-03-20 19:44:05.804 [Thread-19] INFO  o.s.c.n.e.s.EurekaServerInitializerConfiguration - Started Eureka Server
2022-03-20 19:44:05.814 [main] INFO  o.s.boot.web.embedded.tomcat.TomcatWebServer - Tomcat started on port(s): 8761 (http) with context path ''
2022-03-20 19:44:05.814 [main] INFO  o.s.c.n.e.s.EurekaAutoServiceRegistration - Updating port to 8761
2022-03-20 19:44:06.401 [main] INFO  com.example.cyjdiscovery.CyjDiscoveryApplication - Started CyjDiscoveryApplication in 9.073 seconds (JVM running for 10.105)
2022-03-20 19:44:07.650 [RMI TCP Connection(21)-192.168.1.9] INFO  o.a.c.core.ContainerBase.[Tomcat].[localhost].[/] - Initializing Spring DispatcherServlet 'dispatcherServlet'
2022-03-20 19:44:07.650 [RMI TCP Connection(21)-192.168.1.9] INFO  org.springframework.web.servlet.DispatcherServlet - Initializing Servlet 'dispatcherServlet'
2022-03-20 19:44:07.659 [RMI TCP Connection(21)-192.168.1.9] INFO  org.springframework.web.servlet.DispatcherServlet - Completed initialization in 9 ms
2022-03-20 19:44:41.661 [http-nio-8761-exec-1] INFO  c.netflix.eureka.registry.AbstractInstanceRegistry - Registered instance CYJ-ENTITY-CREATER/NOICE:cyj-entity-creater:8020 with status UP (replication=false)
2022-03-20 19:45:05.806 [Eureka-EvictionTimer] INFO  c.netflix.eureka.registry.AbstractInstanceRegistry - Running the evict task with compensationTime 0ms
2022-03-20 19:45:07.985 [http-nio-8761-exec-3] INFO  c.netflix.eureka.registry.AbstractInstanceRegistry - Registered instance CYJ-AUTH/NOICE:cyj-auth:8100 with status UP (replication=false)
2022-03-20 19:46:05.817 [Eureka-EvictionTimer] INFO  c.netflix.eureka.registry.AbstractInstanceRegistry - Running the evict task with compensationTime 11ms
2022-03-20 19:47:05.825 [Eureka-EvictionTimer] INFO  c.netflix.eureka.registry.AbstractInstanceRegistry - Running the evict task with compensationTime 7ms
2022-03-20 19:48:05.828 [Eureka-EvictionTimer] INFO  c.netflix.eureka.registry.AbstractInstanceRegistry - Running the evict task with compensationTime 2ms
2022-03-20 19:49:05.831 [Eureka-EvictionTimer] INFO  c.netflix.eureka.registry.AbstractInstanceRegistry - Running the evict task with compensationTime 3ms
2022-03-20 19:50:05.842 [Eureka-EvictionTimer] INFO  c.netflix.eureka.registry.AbstractInstanceRegistry - Running the evict task with compensationTime 10ms
2022-03-20 19:51:05.853 [Eureka-EvictionTimer] INFO  c.netflix.eureka.registry.AbstractInstanceRegistry - Running the evict task with compensationTime 11ms
2022-03-20 19:52:05.860 [Eureka-EvictionTimer] INFO  c.netflix.eureka.registry.AbstractInstanceRegistry - Running the evict task with compensationTime 7ms
2022-03-20 19:53:05.871 [Eureka-EvictionTimer] INFO  c.netflix.eureka.registry.AbstractInstanceRegistry - Running the evict task with compensationTime 10ms
2022-03-20 19:54:05.626 [Eureka-PeerNodesUpdater] WARN  com.netflix.eureka.cluster.PeerEurekaNodes - The replica size seems to be empty. Check the route 53 DNS Registry
2022-03-20 19:54:05.873 [Eureka-EvictionTimer] INFO  c.netflix.eureka.registry.AbstractInstanceRegistry - Running the evict task with compensationTime 2ms
2022-03-20 19:55:05.879 [Eureka-EvictionTimer] INFO  c.netflix.eureka.registry.AbstractInstanceRegistry - Running the evict task with compensationTime 6ms
2022-03-20 19:56:05.879 [Eureka-EvictionTimer] INFO  c.netflix.eureka.registry.AbstractInstanceRegistry - Running the evict task with compensationTime 0ms
2022-03-20 19:57:05.888 [Eureka-EvictionTimer] INFO  c.netflix.eureka.registry.AbstractInstanceRegistry - Running the evict task with compensationTime 8ms
2022-03-20 19:58:05.898 [Eureka-EvictionTimer] INFO  c.netflix.eureka.registry.AbstractInstanceRegistry - Running the evict task with compensationTime 10ms
2022-03-20 19:59:05.646 [ReplicaAwareInstanceRegistry - RenewalThresholdUpdater] INFO  c.n.eureka.registry.PeerAwareInstanceRegistryImpl - Current renewal threshold is : 5
2022-03-20 19:59:05.908 [Eureka-EvictionTimer] INFO  c.netflix.eureka.registry.AbstractInstanceRegistry - Running the evict task with compensationTime 9ms
2022-03-20 20:00:05.917 [Eureka-EvictionTimer] INFO  c.netflix.eureka.registry.AbstractInstanceRegistry - Running the evict task with compensationTime 9ms
2022-03-20 20:01:05.926 [Eureka-EvictionTimer] INFO  c.netflix.eureka.registry.AbstractInstanceRegistry - Running the evict task with compensationTime 8ms
2022-03-20 20:02:05.936 [Eureka-EvictionTimer] INFO  c.netflix.eureka.registry.AbstractInstanceRegistry - Running the evict task with compensationTime 9ms
2022-03-20 20:03:05.943 [Eureka-EvictionTimer] INFO  c.netflix.eureka.registry.AbstractInstanceRegistry - Running the evict task with compensationTime 8ms
2022-03-20 20:03:21.215 [http-nio-8761-exec-1] INFO  c.netflix.eureka.registry.AbstractInstanceRegistry - Registered instance CYJ-AUTH/NOICE:cyj-auth:8100 with status DOWN (replication=false)
2022-03-20 20:03:21.249 [SpringContextShutdownHook] INFO  o.s.c.n.e.serviceregistry.EurekaServiceRegistry - Unregistering application CYJ-DISCOVERY with eureka with status DOWN
2022-03-20 20:03:21.311 [http-nio-8761-exec-4] INFO  c.netflix.eureka.registry.AbstractInstanceRegistry - Registered instance CYJ-ENTITY-CREATER/NOICE:cyj-entity-creater:8020 with status DOWN (replication=false)
2022-03-20 20:03:21.719 [SpringContextShutdownHook] INFO  com.netflix.eureka.DefaultEurekaServerContext - Shutting down ...
2022-03-20 20:03:21.764 [SpringContextShutdownHook] INFO  com.netflix.eureka.DefaultEurekaServerContext - Shut down
2022-03-20 20:03:21.782 [SpringContextShutdownHook] INFO  o.s.scheduling.concurrent.ThreadPoolTaskExecutor - Shutting down ExecutorService 'applicationTaskExecutor'
2022-03-20 20:03:21.799 [SpringContextShutdownHook] INFO  com.netflix.discovery.DiscoveryClient - Shutting down DiscoveryClient ...
2022-03-20 20:03:21.804 [SpringContextShutdownHook] INFO  com.netflix.discovery.DiscoveryClient - Completed shut down of DiscoveryClient
2022-03-20 20:03:46.637 [background-preinit] INFO  org.hibernate.validator.internal.util.Version - HV000001: Hibernate Validator 6.1.7.Final
2022-03-20 20:03:47.556 [main] INFO  com.example.cyjdiscovery.CyjDiscoveryApplication - The following profiles are active: dev
2022-03-20 20:03:48.425 [main] WARN  o.springframework.boot.actuate.endpoint.EndpointId - Endpoint ID 'service-registry' contains invalid characters, please migrate to a valid format.
2022-03-20 20:03:48.551 [main] INFO  o.springframework.cloud.context.scope.GenericScope - BeanFactory id=c8e55742-bb71-3a72-be02-b28b51f08dbd
2022-03-20 20:03:48.891 [main] INFO  o.s.boot.web.embedded.tomcat.TomcatWebServer - Tomcat initialized with port(s): 8761 (http)
2022-03-20 20:03:48.901 [main] INFO  org.apache.coyote.http11.Http11NioProtocol - Initializing ProtocolHandler ["http-nio-8761"]
2022-03-20 20:03:48.901 [main] INFO  org.apache.catalina.core.StandardService - Starting service [Tomcat]
2022-03-20 20:03:48.901 [main] INFO  org.apache.catalina.core.StandardEngine - Starting Servlet engine: [Apache Tomcat/9.0.41]
2022-03-20 20:03:48.998 [main] INFO  o.a.c.core.ContainerBase.[Tomcat].[localhost].[/] - Initializing Spring embedded WebApplicationContext
2022-03-20 20:03:49.000 [main] INFO  o.s.b.w.s.c.ServletWebServerApplicationContext - Root WebApplicationContext: initialization completed in 1420 ms
2022-03-20 20:03:49.129 [main] INFO  com.netflix.config.sources.URLConfigurationSource - URLs to be used as dynamic configuration source: [file:/C:/Users/noice/IdeaProjects/noice-admin/cyj-discovery/target/classes/config.properties]
2022-03-20 20:03:49.151 [main] INFO  com.netflix.config.DynamicPropertyFactory - DynamicPropertyFactory is initialized with configuration sources: com.netflix.config.ConcurrentCompositeConfiguration@60cf62ad
2022-03-20 20:03:49.547 [main] INFO  c.s.j.server.impl.application.WebApplicationImpl - Initiating Jersey application, version 'Jersey: 1.19.4 05/24/2017 03:20 PM'
2022-03-20 20:03:49.636 [main] INFO  c.n.discovery.provider.DiscoveryJerseyProvider - Using JSON encoding codec LegacyJacksonJson
2022-03-20 20:03:49.636 [main] INFO  c.n.discovery.provider.DiscoveryJerseyProvider - Using JSON decoding codec LegacyJacksonJson
2022-03-20 20:03:49.818 [main] INFO  c.n.discovery.provider.DiscoveryJerseyProvider - Using XML encoding codec XStreamXml
2022-03-20 20:03:49.818 [main] INFO  c.n.discovery.provider.DiscoveryJerseyProvider - Using XML decoding codec XStreamXml
2022-03-20 20:03:50.204 [main] INFO  com.netflix.config.sources.URLConfigurationSource - URLs to be used as dynamic configuration source: [file:/C:/Users/noice/IdeaProjects/noice-admin/cyj-discovery/target/classes/config.properties]
2022-03-20 20:03:50.340 [main] INFO  o.s.scheduling.concurrent.ThreadPoolTaskExecutor - Initializing ExecutorService 'applicationTaskExecutor'
2022-03-20 20:03:52.078 [main] INFO  o.s.c.n.e.c.DiscoveryClientOptionalArgsConfiguration - Eureka HTTP Client uses Jersey
2022-03-20 20:03:52.111 [main] WARN  o.s.c.l.c.BlockingLoadBalancerClientAutoConfiguration$BlockingLoadBalancerClientRibbonWarnLogger - You already have RibbonLoadBalancerClient on your classpath. It will be used by default. As Spring Cloud Ribbon is in maintenance mode. We recommend switching to BlockingLoadBalancerClient instead. In order to use it, set the value of `spring.cloud.loadbalancer.ribbon.enabled` to `false` or remove spring-cloud-starter-netflix-ribbon from your project.
2022-03-20 20:03:52.180 [main] INFO  o.s.cloud.netflix.eureka.InstanceInfoFactory - Setting initial instance status as: STARTING
2022-03-20 20:03:52.224 [main] INFO  com.netflix.discovery.DiscoveryClient - Initializing Eureka in region us-east-1
2022-03-20 20:03:52.224 [main] INFO  com.netflix.discovery.DiscoveryClient - Client configured to neither register nor query for data.
2022-03-20 20:03:52.233 [main] INFO  com.netflix.discovery.DiscoveryClient - Discovery Client initialized at timestamp 1647777832232 with initial instances count: 0
2022-03-20 20:03:52.287 [main] INFO  com.netflix.eureka.DefaultEurekaServerContext - Initializing ...
2022-03-20 20:03:52.297 [main] WARN  com.netflix.eureka.cluster.PeerEurekaNodes - The replica size seems to be empty. Check the route 53 DNS Registry
2022-03-20 20:03:52.319 [main] INFO  c.netflix.eureka.registry.AbstractInstanceRegistry - Finished initializing remote region registries. All known remote regions: []
2022-03-20 20:03:52.319 [main] INFO  com.netflix.eureka.DefaultEurekaServerContext - Initialized
2022-03-20 20:03:52.341 [main] INFO  o.s.b.actuate.endpoint.web.EndpointLinksResolver - Exposing 2 endpoint(s) beneath base path '/actuator'
2022-03-20 20:03:52.438 [main] INFO  o.s.c.n.e.serviceregistry.EurekaServiceRegistry - Registering application CYJ-DISCOVERY with eureka with status UP
2022-03-20 20:03:52.441 [Thread-24] INFO  o.s.c.netflix.eureka.server.EurekaServerBootstrap - Setting the eureka configuration..
2022-03-20 20:03:52.441 [main] INFO  org.apache.coyote.http11.Http11NioProtocol - Starting ProtocolHandler ["http-nio-8761"]
2022-03-20 20:03:52.441 [Thread-24] INFO  o.s.c.netflix.eureka.server.EurekaServerBootstrap - Eureka data center value eureka.datacenter is not set, defaulting to default
2022-03-20 20:03:52.442 [Thread-24] INFO  o.s.c.netflix.eureka.server.EurekaServerBootstrap - Eureka environment value eureka.environment is not set, defaulting to test
2022-03-20 20:03:52.450 [Thread-24] INFO  o.s.c.netflix.eureka.server.EurekaServerBootstrap - isAws returned false
2022-03-20 20:03:52.450 [Thread-24] INFO  o.s.c.netflix.eureka.server.EurekaServerBootstrap - Initialized server context
2022-03-20 20:03:52.450 [Thread-24] INFO  c.n.eureka.registry.PeerAwareInstanceRegistryImpl - Got 1 instances from neighboring DS node
2022-03-20 20:03:52.450 [Thread-24] INFO  c.n.eureka.registry.PeerAwareInstanceRegistryImpl - Renew threshold is: 1
2022-03-20 20:03:52.450 [Thread-24] INFO  c.n.eureka.registry.PeerAwareInstanceRegistryImpl - Changing status to UP
2022-03-20 20:03:52.466 [Thread-24] INFO  o.s.c.n.e.s.EurekaServerInitializerConfiguration - Started Eureka Server
2022-03-20 20:03:52.481 [main] INFO  o.s.boot.web.embedded.tomcat.TomcatWebServer - Tomcat started on port(s): 8761 (http) with context path ''
2022-03-20 20:03:52.482 [main] INFO  o.s.c.n.e.s.EurekaAutoServiceRegistration - Updating port to 8761
2022-03-20 20:03:53.014 [main] INFO  com.example.cyjdiscovery.CyjDiscoveryApplication - Started CyjDiscoveryApplication in 7.416 seconds (JVM running for 8.786)
2022-03-20 20:03:53.788 [RMI TCP Connection(1)-192.168.1.9] INFO  o.a.c.core.ContainerBase.[Tomcat].[localhost].[/] - Initializing Spring DispatcherServlet 'dispatcherServlet'
2022-03-20 20:03:53.795 [RMI TCP Connection(1)-192.168.1.9] INFO  org.springframework.web.servlet.DispatcherServlet - Initializing Servlet 'dispatcherServlet'
2022-03-20 20:03:53.801 [RMI TCP Connection(1)-192.168.1.9] INFO  org.springframework.web.servlet.DispatcherServlet - Completed initialization in 6 ms
2022-03-20 20:04:27.300 [http-nio-8761-exec-4] INFO  c.netflix.eureka.registry.AbstractInstanceRegistry - Registered instance CYJ-ENTITY-CREATER/NOICE:cyj-entity-creater:8020 with status UP (replication=false)
2022-03-20 20:04:52.303 [http-nio-8761-exec-5] INFO  c.netflix.eureka.registry.AbstractInstanceRegistry - Registered instance CYJ-AUTH/NOICE:cyj-auth:8100 with status UP (replication=false)
2022-03-20 20:04:52.454 [Eureka-EvictionTimer] INFO  c.netflix.eureka.registry.AbstractInstanceRegistry - Running the evict task with compensationTime 0ms
2022-03-20 20:05:52.463 [Eureka-EvictionTimer] INFO  c.netflix.eureka.registry.AbstractInstanceRegistry - Running the evict task with compensationTime 9ms
2022-03-20 20:06:52.467 [Eureka-EvictionTimer] INFO  c.netflix.eureka.registry.AbstractInstanceRegistry - Running the evict task with compensationTime 4ms
2022-03-20 20:07:52.470 [Eureka-EvictionTimer] INFO  c.netflix.eureka.registry.AbstractInstanceRegistry - Running the evict task with compensationTime 2ms
2022-03-20 20:08:52.481 [Eureka-EvictionTimer] INFO  c.netflix.eureka.registry.AbstractInstanceRegistry - Running the evict task with compensationTime 11ms
2022-03-20 20:09:52.488 [Eureka-EvictionTimer] INFO  c.netflix.eureka.registry.AbstractInstanceRegistry - Running the evict task with compensationTime 6ms
2022-03-20 20:10:52.491 [Eureka-EvictionTimer] INFO  c.netflix.eureka.registry.AbstractInstanceRegistry - Running the evict task with compensationTime 3ms
2022-03-20 20:11:52.498 [Eureka-EvictionTimer] INFO  c.netflix.eureka.registry.AbstractInstanceRegistry - Running the evict task with compensationTime 7ms
2022-03-20 20:12:52.508 [Eureka-EvictionTimer] INFO  c.netflix.eureka.registry.AbstractInstanceRegistry - Running the evict task with compensationTime 9ms
2022-03-20 20:13:52.308 [Eureka-PeerNodesUpdater] WARN  com.netflix.eureka.cluster.PeerEurekaNodes - The replica size seems to be empty. Check the route 53 DNS Registry
2022-03-20 20:13:52.520 [Eureka-EvictionTimer] INFO  c.netflix.eureka.registry.AbstractInstanceRegistry - Running the evict task with compensationTime 12ms
2022-03-20 20:14:52.527 [Eureka-EvictionTimer] INFO  c.netflix.eureka.registry.AbstractInstanceRegistry - Running the evict task with compensationTime 6ms
2022-03-20 20:15:52.530 [Eureka-EvictionTimer] INFO  c.netflix.eureka.registry.AbstractInstanceRegistry - Running the evict task with compensationTime 3ms
2022-03-20 20:16:52.538 [Eureka-EvictionTimer] INFO  c.netflix.eureka.registry.AbstractInstanceRegistry - Running the evict task with compensationTime 7ms
2022-03-20 20:17:52.545 [Eureka-EvictionTimer] INFO  c.netflix.eureka.registry.AbstractInstanceRegistry - Running the evict task with compensationTime 7ms
2022-03-20 20:18:52.320 [ReplicaAwareInstanceRegistry - RenewalThresholdUpdater] INFO  c.n.eureka.registry.PeerAwareInstanceRegistryImpl - Current renewal threshold is : 5
2022-03-20 20:18:52.554 [Eureka-EvictionTimer] INFO  c.netflix.eureka.registry.AbstractInstanceRegistry - Running the evict task with compensationTime 9ms
2022-03-20 20:19:52.564 [Eureka-EvictionTimer] INFO  c.netflix.eureka.registry.AbstractInstanceRegistry - Running the evict task with compensationTime 10ms
2022-03-20 20:20:52.568 [Eureka-EvictionTimer] INFO  c.netflix.eureka.registry.AbstractInstanceRegistry - Running the evict task with compensationTime 3ms
2022-03-20 20:21:52.576 [Eureka-EvictionTimer] INFO  c.netflix.eureka.registry.AbstractInstanceRegistry - Running the evict task with compensationTime 8ms
2022-03-20 20:22:52.585 [Eureka-EvictionTimer] INFO  c.netflix.eureka.registry.AbstractInstanceRegistry - Running the evict task with compensationTime 9ms
2022-03-20 20:23:52.314 [Eureka-PeerNodesUpdater] WARN  com.netflix.eureka.cluster.PeerEurekaNodes - The replica size seems to be empty. Check the route 53 DNS Registry
2022-03-20 20:23:52.588 [Eureka-EvictionTimer] INFO  c.netflix.eureka.registry.AbstractInstanceRegistry - Running the evict task with compensationTime 2ms
2022-03-20 20:24:52.591 [Eureka-EvictionTimer] INFO  c.netflix.eureka.registry.AbstractInstanceRegistry - Running the evict task with compensationTime 2ms
2022-03-20 20:25:52.601 [Eureka-EvictionTimer] INFO  c.netflix.eureka.registry.AbstractInstanceRegistry - Running the evict task with compensationTime 9ms
2022-03-20 20:26:52.608 [Eureka-EvictionTimer] INFO  c.netflix.eureka.registry.AbstractInstanceRegistry - Running the evict task with compensationTime 7ms
2022-03-20 20:27:52.614 [Eureka-EvictionTimer] INFO  c.netflix.eureka.registry.AbstractInstanceRegistry - Running the evict task with compensationTime 6ms
2022-03-20 20:28:52.639 [Eureka-EvictionTimer] INFO  c.netflix.eureka.registry.AbstractInstanceRegistry - Running the evict task with compensationTime 24ms
2022-03-20 20:29:52.644 [Eureka-EvictionTimer] INFO  c.netflix.eureka.registry.AbstractInstanceRegistry - Running the evict task with compensationTime 5ms
2022-03-20 20:30:52.648 [Eureka-EvictionTimer] INFO  c.netflix.eureka.registry.AbstractInstanceRegistry - Running the evict task with compensationTime 3ms
2022-03-20 20:31:52.654 [Eureka-EvictionTimer] INFO  c.netflix.eureka.registry.AbstractInstanceRegistry - Running the evict task with compensationTime 5ms
2022-03-20 20:32:52.656 [Eureka-EvictionTimer] INFO  c.netflix.eureka.registry.AbstractInstanceRegistry - Running the evict task with compensationTime 2ms
2022-03-20 20:33:52.329 [ReplicaAwareInstanceRegistry - RenewalThresholdUpdater] INFO  c.n.eureka.registry.PeerAwareInstanceRegistryImpl - Current renewal threshold is : 5
2022-03-20 20:33:52.330 [Eureka-PeerNodesUpdater] WARN  com.netflix.eureka.cluster.PeerEurekaNodes - The replica size seems to be empty. Check the route 53 DNS Registry
2022-03-20 20:33:52.658 [Eureka-EvictionTimer] INFO  c.netflix.eureka.registry.AbstractInstanceRegistry - Running the evict task with compensationTime 2ms
2022-03-20 20:34:52.675 [Eureka-EvictionTimer] INFO  c.netflix.eureka.registry.AbstractInstanceRegistry - Running the evict task with compensationTime 16ms
2022-03-20 20:35:52.676 [Eureka-EvictionTimer] INFO  c.netflix.eureka.registry.AbstractInstanceRegistry - Running the evict task with compensationTime 0ms
2022-03-20 20:36:52.684 [Eureka-EvictionTimer] INFO  c.netflix.eureka.registry.AbstractInstanceRegistry - Running the evict task with compensationTime 7ms
2022-03-20 20:37:52.694 [Eureka-EvictionTimer] INFO  c.netflix.eureka.registry.AbstractInstanceRegistry - Running the evict task with compensationTime 9ms
2022-03-20 20:38:52.700 [Eureka-EvictionTimer] INFO  c.netflix.eureka.registry.AbstractInstanceRegistry - Running the evict task with compensationTime 6ms
2022-03-20 20:39:52.702 [Eureka-EvictionTimer] INFO  c.netflix.eureka.registry.AbstractInstanceRegistry - Running the evict task with compensationTime 1ms
2022-03-20 20:40:52.719 [Eureka-EvictionTimer] INFO  c.netflix.eureka.registry.AbstractInstanceRegistry - Running the evict task with compensationTime 17ms
2022-03-20 20:41:52.723 [Eureka-EvictionTimer] INFO  c.netflix.eureka.registry.AbstractInstanceRegistry - Running the evict task with compensationTime 4ms
2022-03-20 20:42:52.728 [Eureka-EvictionTimer] INFO  c.netflix.eureka.registry.AbstractInstanceRegistry - Running the evict task with compensationTime 4ms
2022-03-20 20:43:52.333 [Eureka-PeerNodesUpdater] WARN  com.netflix.eureka.cluster.PeerEurekaNodes - The replica size seems to be empty. Check the route 53 DNS Registry
2022-03-20 20:43:52.730 [Eureka-EvictionTimer] INFO  c.netflix.eureka.registry.AbstractInstanceRegistry - Running the evict task with compensationTime 1ms
2022-03-20 20:44:52.740 [Eureka-EvictionTimer] INFO  c.netflix.eureka.registry.AbstractInstanceRegistry - Running the evict task with compensationTime 9ms
2022-03-20 20:45:52.747 [Eureka-EvictionTimer] INFO  c.netflix.eureka.registry.AbstractInstanceRegistry - Running the evict task with compensationTime 8ms
2022-03-20 20:46:52.748 [Eureka-EvictionTimer] INFO  c.netflix.eureka.registry.AbstractInstanceRegistry - Running the evict task with compensationTime 0ms
2022-03-20 20:47:52.750 [Eureka-EvictionTimer] INFO  c.netflix.eureka.registry.AbstractInstanceRegistry - Running the evict task with compensationTime 1ms
2022-03-20 20:48:52.330 [ReplicaAwareInstanceRegistry - RenewalThresholdUpdater] INFO  c.n.eureka.registry.PeerAwareInstanceRegistryImpl - Current renewal threshold is : 5
2022-03-20 20:48:52.760 [Eureka-EvictionTimer] INFO  c.netflix.eureka.registry.AbstractInstanceRegistry - Running the evict task with compensationTime 10ms
2022-03-20 20:49:52.764 [Eureka-EvictionTimer] INFO  c.netflix.eureka.registry.AbstractInstanceRegistry - Running the evict task with compensationTime 3ms
2022-03-20 20:50:52.768 [Eureka-EvictionTimer] INFO  c.netflix.eureka.registry.AbstractInstanceRegistry - Running the evict task with compensationTime 4ms
2022-03-20 20:51:52.773 [Eureka-EvictionTimer] INFO  c.netflix.eureka.registry.AbstractInstanceRegistry - Running the evict task with compensationTime 4ms
2022-03-20 20:52:52.783 [Eureka-EvictionTimer] INFO  c.netflix.eureka.registry.AbstractInstanceRegistry - Running the evict task with compensationTime 9ms
2022-03-20 20:53:52.350 [Eureka-PeerNodesUpdater] WARN  com.netflix.eureka.cluster.PeerEurekaNodes - The replica size seems to be empty. Check the route 53 DNS Registry
2022-03-20 20:53:52.797 [Eureka-EvictionTimer] INFO  c.netflix.eureka.registry.AbstractInstanceRegistry - Running the evict task with compensationTime 14ms
2022-03-20 20:54:52.822 [Eureka-EvictionTimer] INFO  c.netflix.eureka.registry.AbstractInstanceRegistry - Running the evict task with compensationTime 24ms
2022-03-20 20:55:52.831 [Eureka-EvictionTimer] INFO  c.netflix.eureka.registry.AbstractInstanceRegistry - Running the evict task with compensationTime 9ms
2022-03-20 20:56:52.838 [Eureka-EvictionTimer] INFO  c.netflix.eureka.registry.AbstractInstanceRegistry - Running the evict task with compensationTime 6ms
2022-03-20 20:57:52.840 [Eureka-EvictionTimer] INFO  c.netflix.eureka.registry.AbstractInstanceRegistry - Running the evict task with compensationTime 1ms
2022-03-20 20:58:52.843 [Eureka-EvictionTimer] INFO  c.netflix.eureka.registry.AbstractInstanceRegistry - Running the evict task with compensationTime 2ms
2022-03-20 20:59:52.849 [Eureka-EvictionTimer] INFO  c.netflix.eureka.registry.AbstractInstanceRegistry - Running the evict task with compensationTime 6ms
2022-03-20 21:00:52.858 [Eureka-EvictionTimer] INFO  c.netflix.eureka.registry.AbstractInstanceRegistry - Running the evict task with compensationTime 8ms
2022-03-20 21:01:52.864 [Eureka-EvictionTimer] INFO  c.netflix.eureka.registry.AbstractInstanceRegistry - Running the evict task with compensationTime 6ms
2022-03-20 21:02:52.868 [Eureka-EvictionTimer] INFO  c.netflix.eureka.registry.AbstractInstanceRegistry - Running the evict task with compensationTime 3ms
2022-03-20 21:03:52.336 [ReplicaAwareInstanceRegistry - RenewalThresholdUpdater] INFO  c.n.eureka.registry.PeerAwareInstanceRegistryImpl - Current renewal threshold is : 5
2022-03-20 21:03:52.356 [Eureka-PeerNodesUpdater] WARN  com.netflix.eureka.cluster.PeerEurekaNodes - The replica size seems to be empty. Check the route 53 DNS Registry
2022-03-20 21:03:52.875 [Eureka-EvictionTimer] INFO  c.netflix.eureka.registry.AbstractInstanceRegistry - Running the evict task with compensationTime 6ms
2022-03-20 21:04:52.881 [Eureka-EvictionTimer] INFO  c.netflix.eureka.registry.AbstractInstanceRegistry - Running the evict task with compensationTime 6ms
2022-03-20 21:05:52.894 [Eureka-EvictionTimer] INFO  c.netflix.eureka.registry.AbstractInstanceRegistry - Running the evict task with compensationTime 12ms
2022-03-20 21:06:52.895 [Eureka-EvictionTimer] INFO  c.netflix.eureka.registry.AbstractInstanceRegistry - Running the evict task with compensationTime 0ms
2022-03-20 21:07:52.903 [Eureka-EvictionTimer] INFO  c.netflix.eureka.registry.AbstractInstanceRegistry - Running the evict task with compensationTime 8ms
2022-03-20 21:08:52.906 [Eureka-EvictionTimer] INFO  c.netflix.eureka.registry.AbstractInstanceRegistry - Running the evict task with compensationTime 2ms
2022-03-20 21:09:52.919 [Eureka-EvictionTimer] INFO  c.netflix.eureka.registry.AbstractInstanceRegistry - Running the evict task with compensationTime 12ms
2022-03-20 21:10:52.922 [Eureka-EvictionTimer] INFO  c.netflix.eureka.registry.AbstractInstanceRegistry - Running the evict task with compensationTime 3ms
2022-03-20 21:11:52.929 [Eureka-EvictionTimer] INFO  c.netflix.eureka.registry.AbstractInstanceRegistry - Running the evict task with compensationTime 7ms
2022-03-20 21:12:52.934 [Eureka-EvictionTimer] INFO  c.netflix.eureka.registry.AbstractInstanceRegistry - Running the evict task with compensationTime 4ms
2022-03-20 21:13:52.361 [Eureka-PeerNodesUpdater] WARN  com.netflix.eureka.cluster.PeerEurekaNodes - The replica size seems to be empty. Check the route 53 DNS Registry
2022-03-20 21:13:52.941 [Eureka-EvictionTimer] INFO  c.netflix.eureka.registry.AbstractInstanceRegistry - Running the evict task with compensationTime 6ms
2022-03-20 21:14:52.948 [Eureka-EvictionTimer] INFO  c.netflix.eureka.registry.AbstractInstanceRegistry - Running the evict task with compensationTime 6ms
2022-03-20 21:15:52.956 [Eureka-EvictionTimer] INFO  c.netflix.eureka.registry.AbstractInstanceRegistry - Running the evict task with compensationTime 8ms
2022-03-20 21:16:52.957 [Eureka-EvictionTimer] INFO  c.netflix.eureka.registry.AbstractInstanceRegistry - Running the evict task with compensationTime 0ms
2022-03-20 21:17:52.964 [Eureka-EvictionTimer] INFO  c.netflix.eureka.registry.AbstractInstanceRegistry - Running the evict task with compensationTime 7ms
2022-03-20 21:18:52.339 [ReplicaAwareInstanceRegistry - RenewalThresholdUpdater] INFO  c.n.eureka.registry.PeerAwareInstanceRegistryImpl - Current renewal threshold is : 5
2022-03-20 21:18:52.971 [Eureka-EvictionTimer] INFO  c.netflix.eureka.registry.AbstractInstanceRegistry - Running the evict task with compensationTime 6ms
2022-03-20 21:19:52.978 [Eureka-EvictionTimer] INFO  c.netflix.eureka.registry.AbstractInstanceRegistry - Running the evict task with compensationTime 7ms
2022-03-20 21:19:53.983 [http-nio-8761-exec-2] INFO  c.netflix.eureka.registry.AbstractInstanceRegistry - Registered instance CYJ-AUTH/NOICE:cyj-auth:8100 with status DOWN (replication=false)
2022-03-20 21:19:54.008 [SpringContextShutdownHook] INFO  o.s.c.n.e.serviceregistry.EurekaServiceRegistry - Unregistering application CYJ-DISCOVERY with eureka with status DOWN
2022-03-20 21:19:54.099 [http-nio-8761-exec-6] INFO  c.netflix.eureka.registry.AbstractInstanceRegistry - Registered instance CYJ-ENTITY-CREATER/NOICE:cyj-entity-creater:8020 with status DOWN (replication=false)
2022-03-20 21:19:54.492 [SpringContextShutdownHook] INFO  com.netflix.eureka.DefaultEurekaServerContext - Shutting down ...
2022-03-20 21:19:54.514 [SpringContextShutdownHook] INFO  com.netflix.eureka.DefaultEurekaServerContext - Shut down
2022-03-20 21:19:54.536 [SpringContextShutdownHook] INFO  o.s.scheduling.concurrent.ThreadPoolTaskExecutor - Shutting down ExecutorService 'applicationTaskExecutor'
2022-03-20 21:19:54.547 [SpringContextShutdownHook] INFO  com.netflix.discovery.DiscoveryClient - Shutting down DiscoveryClient ...
2022-03-20 21:19:54.555 [SpringContextShutdownHook] INFO  com.netflix.discovery.DiscoveryClient - Completed shut down of DiscoveryClient
2022-03-20 21:20:30.376 [background-preinit] INFO  org.hibernate.validator.internal.util.Version - HV000001: Hibernate Validator 6.1.7.Final
2022-03-20 21:20:31.792 [main] INFO  com.example.cyjdiscovery.CyjDiscoveryApplication - The following profiles are active: dev
2022-03-20 21:20:33.060 [main] WARN  o.springframework.boot.actuate.endpoint.EndpointId - Endpoint ID 'service-registry' contains invalid characters, please migrate to a valid format.
2022-03-20 21:20:33.219 [main] INFO  o.springframework.cloud.context.scope.GenericScope - BeanFactory id=c8e55742-bb71-3a72-be02-b28b51f08dbd
2022-03-20 21:20:33.557 [main] INFO  o.s.boot.web.embedded.tomcat.TomcatWebServer - Tomcat initialized with port(s): 8761 (http)
2022-03-20 21:20:33.568 [main] INFO  org.apache.coyote.http11.Http11NioProtocol - Initializing ProtocolHandler ["http-nio-8761"]
2022-03-20 21:20:33.568 [main] INFO  org.apache.catalina.core.StandardService - Starting service [Tomcat]
2022-03-20 21:20:33.568 [main] INFO  org.apache.catalina.core.StandardEngine - Starting Servlet engine: [Apache Tomcat/9.0.41]
2022-03-20 21:20:33.700 [main] INFO  o.a.c.core.ContainerBase.[Tomcat].[localhost].[/] - Initializing Spring embedded WebApplicationContext
2022-03-20 21:20:33.700 [main] INFO  o.s.b.w.s.c.ServletWebServerApplicationContext - Root WebApplicationContext: initialization completed in 1841 ms
2022-03-20 21:20:34.004 [main] INFO  com.netflix.config.sources.URLConfigurationSource - URLs to be used as dynamic configuration source: [file:/C:/Users/noice/IdeaProjects/noice-admin/cyj-discovery/target/classes/config.properties]
2022-03-20 21:20:34.037 [main] INFO  com.netflix.config.DynamicPropertyFactory - DynamicPropertyFactory is initialized with configuration sources: com.netflix.config.ConcurrentCompositeConfiguration@51288417
2022-03-20 21:20:34.664 [main] INFO  c.s.j.server.impl.application.WebApplicationImpl - Initiating Jersey application, version 'Jersey: 1.19.4 05/24/2017 03:20 PM'
2022-03-20 21:20:34.843 [main] INFO  c.n.discovery.provider.DiscoveryJerseyProvider - Using JSON encoding codec LegacyJacksonJson
2022-03-20 21:20:34.843 [main] INFO  c.n.discovery.provider.DiscoveryJerseyProvider - Using JSON decoding codec LegacyJacksonJson
2022-03-20 21:20:35.102 [main] INFO  c.n.discovery.provider.DiscoveryJerseyProvider - Using XML encoding codec XStreamXml
2022-03-20 21:20:35.102 [main] INFO  c.n.discovery.provider.DiscoveryJerseyProvider - Using XML decoding codec XStreamXml
2022-03-20 21:20:35.796 [main] INFO  com.netflix.config.sources.URLConfigurationSource - URLs to be used as dynamic configuration source: [file:/C:/Users/noice/IdeaProjects/noice-admin/cyj-discovery/target/classes/config.properties]
2022-03-20 21:20:36.065 [main] INFO  o.s.scheduling.concurrent.ThreadPoolTaskExecutor - Initializing ExecutorService 'applicationTaskExecutor'
2022-03-20 21:20:39.235 [main] INFO  o.s.c.n.e.c.DiscoveryClientOptionalArgsConfiguration - Eureka HTTP Client uses Jersey
2022-03-20 21:20:39.275 [main] WARN  o.s.c.l.c.BlockingLoadBalancerClientAutoConfiguration$BlockingLoadBalancerClientRibbonWarnLogger - You already have RibbonLoadBalancerClient on your classpath. It will be used by default. As Spring Cloud Ribbon is in maintenance mode. We recommend switching to BlockingLoadBalancerClient instead. In order to use it, set the value of `spring.cloud.loadbalancer.ribbon.enabled` to `false` or remove spring-cloud-starter-netflix-ribbon from your project.
2022-03-20 21:20:39.360 [main] INFO  o.s.cloud.netflix.eureka.InstanceInfoFactory - Setting initial instance status as: STARTING
2022-03-20 21:20:39.411 [main] INFO  com.netflix.discovery.DiscoveryClient - Initializing Eureka in region us-east-1
2022-03-20 21:20:39.417 [main] INFO  com.netflix.discovery.DiscoveryClient - Client configured to neither register nor query for data.
2022-03-20 21:20:39.425 [main] INFO  com.netflix.discovery.DiscoveryClient - Discovery Client initialized at timestamp 1647782439425 with initial instances count: 0
2022-03-20 21:20:39.495 [main] INFO  com.netflix.eureka.DefaultEurekaServerContext - Initializing ...
2022-03-20 21:20:39.505 [main] WARN  com.netflix.eureka.cluster.PeerEurekaNodes - The replica size seems to be empty. Check the route 53 DNS Registry
2022-03-20 21:20:39.541 [main] INFO  c.netflix.eureka.registry.AbstractInstanceRegistry - Finished initializing remote region registries. All known remote regions: []
2022-03-20 21:20:39.543 [main] INFO  com.netflix.eureka.DefaultEurekaServerContext - Initialized
2022-03-20 21:20:39.565 [main] INFO  o.s.b.actuate.endpoint.web.EndpointLinksResolver - Exposing 2 endpoint(s) beneath base path '/actuator'
2022-03-20 21:20:39.711 [main] INFO  o.s.c.n.e.serviceregistry.EurekaServiceRegistry - Registering application CYJ-DISCOVERY with eureka with status UP
2022-03-20 21:20:39.711 [main] INFO  org.apache.coyote.http11.Http11NioProtocol - Starting ProtocolHandler ["http-nio-8761"]
2022-03-20 21:20:39.711 [Thread-33] INFO  o.s.c.netflix.eureka.server.EurekaServerBootstrap - Setting the eureka configuration..
2022-03-20 21:20:39.720 [Thread-33] INFO  o.s.c.netflix.eureka.server.EurekaServerBootstrap - Eureka data center value eureka.datacenter is not set, defaulting to default
2022-03-20 21:20:39.720 [Thread-33] INFO  o.s.c.netflix.eureka.server.EurekaServerBootstrap - Eureka environment value eureka.environment is not set, defaulting to test
2022-03-20 21:20:39.735 [Thread-33] INFO  o.s.c.netflix.eureka.server.EurekaServerBootstrap - isAws returned false
2022-03-20 21:20:39.735 [Thread-33] INFO  o.s.c.netflix.eureka.server.EurekaServerBootstrap - Initialized server context
2022-03-20 21:20:39.735 [Thread-33] INFO  c.n.eureka.registry.PeerAwareInstanceRegistryImpl - Got 1 instances from neighboring DS node
2022-03-20 21:20:39.735 [Thread-33] INFO  c.n.eureka.registry.PeerAwareInstanceRegistryImpl - Renew threshold is: 1
2022-03-20 21:20:39.735 [Thread-33] INFO  c.n.eureka.registry.PeerAwareInstanceRegistryImpl - Changing status to UP
2022-03-20 21:20:39.752 [Thread-33] INFO  o.s.c.n.e.s.EurekaServerInitializerConfiguration - Started Eureka Server
2022-03-20 21:20:39.771 [main] INFO  o.s.boot.web.embedded.tomcat.TomcatWebServer - Tomcat started on port(s): 8761 (http) with context path ''
2022-03-20 21:20:39.771 [main] INFO  o.s.c.n.e.s.EurekaAutoServiceRegistration - Updating port to 8761
2022-03-20 21:20:40.513 [main] INFO  com.example.cyjdiscovery.CyjDiscoveryApplication - Started CyjDiscoveryApplication in 12.605 seconds (JVM running for 15.072)
2022-03-20 21:20:41.178 [RMI TCP Connection(2)-192.168.1.9] INFO  o.a.c.core.ContainerBase.[Tomcat].[localhost].[/] - Initializing Spring DispatcherServlet 'dispatcherServlet'
2022-03-20 21:20:41.178 [RMI TCP Connection(2)-192.168.1.9] INFO  org.springframework.web.servlet.DispatcherServlet - Initializing Servlet 'dispatcherServlet'
2022-03-20 21:20:41.184 [RMI TCP Connection(2)-192.168.1.9] INFO  org.springframework.web.servlet.DispatcherServlet - Completed initialization in 6 ms
2022-03-20 21:21:22.082 [http-nio-8761-exec-2] INFO  c.netflix.eureka.registry.AbstractInstanceRegistry - Registered instance CYJ-ENTITY-CREATER/NOICE:cyj-entity-creater:8020 with status UP (replication=false)
2022-03-20 21:21:39.744 [Eureka-EvictionTimer] INFO  c.netflix.eureka.registry.AbstractInstanceRegistry - Running the evict task with compensationTime 0ms
2022-03-20 21:21:52.935 [http-nio-8761-exec-4] INFO  c.netflix.eureka.registry.AbstractInstanceRegistry - Registered instance CYJ-AUTH/NOICE:cyj-auth:8100 with status UP (replication=false)
2022-03-20 21:22:39.747 [Eureka-EvictionTimer] INFO  c.netflix.eureka.registry.AbstractInstanceRegistry - Running the evict task with compensationTime 3ms
2022-03-20 21:23:39.755 [Eureka-EvictionTimer] INFO  c.netflix.eureka.registry.AbstractInstanceRegistry - Running the evict task with compensationTime 8ms
2022-03-20 21:24:39.756 [Eureka-EvictionTimer] INFO  c.netflix.eureka.registry.AbstractInstanceRegistry - Running the evict task with compensationTime 0ms
2022-03-20 21:25:39.760 [Eureka-EvictionTimer] INFO  c.netflix.eureka.registry.AbstractInstanceRegistry - Running the evict task with compensationTime 3ms
2022-03-20 21:26:39.770 [Eureka-EvictionTimer] INFO  c.netflix.eureka.registry.AbstractInstanceRegistry - Running the evict task with compensationTime 10ms
2022-03-20 21:27:39.774 [Eureka-EvictionTimer] INFO  c.netflix.eureka.registry.AbstractInstanceRegistry - Running the evict task with compensationTime 3ms
2022-03-20 21:28:39.777 [Eureka-EvictionTimer] INFO  c.netflix.eureka.registry.AbstractInstanceRegistry - Running the evict task with compensationTime 3ms
2022-03-20 21:29:31.116 [http-nio-8761-exec-2] INFO  c.netflix.eureka.registry.AbstractInstanceRegistry - Registered instance CYJ-AUTH/NOICE:cyj-auth:8100 with status DOWN (replication=false)
2022-03-20 21:29:31.148 [SpringContextShutdownHook] INFO  o.s.c.n.e.serviceregistry.EurekaServiceRegistry - Unregistering application CYJ-DISCOVERY with eureka with status DOWN
2022-03-20 21:29:31.212 [http-nio-8761-exec-6] INFO  c.netflix.eureka.registry.AbstractInstanceRegistry - Registered instance CYJ-ENTITY-CREATER/NOICE:cyj-entity-creater:8020 with status DOWN (replication=false)
2022-03-20 21:29:31.511 [SpringContextShutdownHook] INFO  com.netflix.eureka.DefaultEurekaServerContext - Shutting down ...
2022-03-20 21:29:31.524 [SpringContextShutdownHook] INFO  com.netflix.eureka.DefaultEurekaServerContext - Shut down
2022-03-20 21:29:31.524 [SpringContextShutdownHook] INFO  o.s.scheduling.concurrent.ThreadPoolTaskExecutor - Shutting down ExecutorService 'applicationTaskExecutor'
2022-03-20 21:29:31.536 [SpringContextShutdownHook] INFO  com.netflix.discovery.DiscoveryClient - Shutting down DiscoveryClient ...
2022-03-20 21:29:31.536 [SpringContextShutdownHook] INFO  com.netflix.discovery.DiscoveryClient - Completed shut down of DiscoveryClient
2022-03-20 21:29:56.496 [background-preinit] INFO  org.hibernate.validator.internal.util.Version - HV000001: Hibernate Validator 6.1.7.Final
2022-03-20 21:29:57.395 [main] INFO  com.example.cyjdiscovery.CyjDiscoveryApplication - The following profiles are active: dev
2022-03-20 21:29:58.227 [main] WARN  o.springframework.boot.actuate.endpoint.EndpointId - Endpoint ID 'service-registry' contains invalid characters, please migrate to a valid format.
2022-03-20 21:29:58.364 [main] INFO  o.springframework.cloud.context.scope.GenericScope - BeanFactory id=c8e55742-bb71-3a72-be02-b28b51f08dbd
2022-03-20 21:29:58.644 [main] INFO  o.s.boot.web.embedded.tomcat.TomcatWebServer - Tomcat initialized with port(s): 8761 (http)
2022-03-20 21:29:58.654 [main] INFO  org.apache.coyote.http11.Http11NioProtocol - Initializing ProtocolHandler ["http-nio-8761"]
2022-03-20 21:29:58.654 [main] INFO  org.apache.catalina.core.StandardService - Starting service [Tomcat]
2022-03-20 21:29:58.654 [main] INFO  org.apache.catalina.core.StandardEngine - Starting Servlet engine: [Apache Tomcat/9.0.41]
2022-03-20 21:29:58.745 [main] INFO  o.a.c.core.ContainerBase.[Tomcat].[localhost].[/] - Initializing Spring embedded WebApplicationContext
2022-03-20 21:29:58.745 [main] INFO  o.s.b.w.s.c.ServletWebServerApplicationContext - Root WebApplicationContext: initialization completed in 1339 ms
2022-03-20 21:29:58.867 [main] INFO  com.netflix.config.sources.URLConfigurationSource - URLs to be used as dynamic configuration source: [file:/C:/Users/noice/IdeaProjects/noice-admin/cyj-discovery/target/classes/config.properties]
2022-03-20 21:29:58.888 [main] INFO  com.netflix.config.DynamicPropertyFactory - DynamicPropertyFactory is initialized with configuration sources: com.netflix.config.ConcurrentCompositeConfiguration@60cf62ad
2022-03-20 21:29:59.253 [main] INFO  c.s.j.server.impl.application.WebApplicationImpl - Initiating Jersey application, version 'Jersey: 1.19.4 05/24/2017 03:20 PM'
2022-03-20 21:29:59.315 [main] INFO  c.n.discovery.provider.DiscoveryJerseyProvider - Using JSON encoding codec LegacyJacksonJson
2022-03-20 21:29:59.315 [main] INFO  c.n.discovery.provider.DiscoveryJerseyProvider - Using JSON decoding codec LegacyJacksonJson
2022-03-20 21:29:59.398 [main] INFO  c.n.discovery.provider.DiscoveryJerseyProvider - Using XML encoding codec XStreamXml
2022-03-20 21:29:59.398 [main] INFO  c.n.discovery.provider.DiscoveryJerseyProvider - Using XML decoding codec XStreamXml
2022-03-20 21:29:59.717 [main] INFO  com.netflix.config.sources.URLConfigurationSource - URLs to be used as dynamic configuration source: [file:/C:/Users/noice/IdeaProjects/noice-admin/cyj-discovery/target/classes/config.properties]
2022-03-20 21:29:59.943 [main] INFO  o.s.scheduling.concurrent.ThreadPoolTaskExecutor - Initializing ExecutorService 'applicationTaskExecutor'
2022-03-20 21:30:01.859 [main] INFO  o.s.c.n.e.c.DiscoveryClientOptionalArgsConfiguration - Eureka HTTP Client uses Jersey
2022-03-20 21:30:01.898 [main] WARN  o.s.c.l.c.BlockingLoadBalancerClientAutoConfiguration$BlockingLoadBalancerClientRibbonWarnLogger - You already have RibbonLoadBalancerClient on your classpath. It will be used by default. As Spring Cloud Ribbon is in maintenance mode. We recommend switching to BlockingLoadBalancerClient instead. In order to use it, set the value of `spring.cloud.loadbalancer.ribbon.enabled` to `false` or remove spring-cloud-starter-netflix-ribbon from your project.
2022-03-20 21:30:02.031 [main] INFO  o.s.cloud.netflix.eureka.InstanceInfoFactory - Setting initial instance status as: STARTING
2022-03-20 21:30:02.082 [main] INFO  com.netflix.discovery.DiscoveryClient - Initializing Eureka in region us-east-1
2022-03-20 21:30:02.082 [main] INFO  com.netflix.discovery.DiscoveryClient - Client configured to neither register nor query for data.
2022-03-20 21:30:02.099 [main] INFO  com.netflix.discovery.DiscoveryClient - Discovery Client initialized at timestamp 1647783002095 with initial instances count: 0
2022-03-20 21:30:02.155 [main] INFO  com.netflix.eureka.DefaultEurekaServerContext - Initializing ...
2022-03-20 21:30:02.156 [main] WARN  com.netflix.eureka.cluster.PeerEurekaNodes - The replica size seems to be empty. Check the route 53 DNS Registry
2022-03-20 21:30:02.177 [main] INFO  c.netflix.eureka.registry.AbstractInstanceRegistry - Finished initializing remote region registries. All known remote regions: []
2022-03-20 21:30:02.177 [main] INFO  com.netflix.eureka.DefaultEurekaServerContext - Initialized
2022-03-20 21:30:02.209 [main] INFO  o.s.b.actuate.endpoint.web.EndpointLinksResolver - Exposing 2 endpoint(s) beneath base path '/actuator'
2022-03-20 21:30:02.295 [main] INFO  o.s.c.n.e.serviceregistry.EurekaServiceRegistry - Registering application CYJ-DISCOVERY with eureka with status UP
2022-03-20 21:30:02.295 [main] INFO  org.apache.coyote.http11.Http11NioProtocol - Starting ProtocolHandler ["http-nio-8761"]
2022-03-20 21:30:02.295 [Thread-24] INFO  o.s.c.netflix.eureka.server.EurekaServerBootstrap - Setting the eureka configuration..
2022-03-20 21:30:02.301 [Thread-24] INFO  o.s.c.netflix.eureka.server.EurekaServerBootstrap - Eureka data center value eureka.datacenter is not set, defaulting to default
2022-03-20 21:30:02.301 [Thread-24] INFO  o.s.c.netflix.eureka.server.EurekaServerBootstrap - Eureka environment value eureka.environment is not set, defaulting to test
2022-03-20 21:30:02.310 [Thread-24] INFO  o.s.c.netflix.eureka.server.EurekaServerBootstrap - isAws returned false
2022-03-20 21:30:02.310 [Thread-24] INFO  o.s.c.netflix.eureka.server.EurekaServerBootstrap - Initialized server context
2022-03-20 21:30:02.310 [Thread-24] INFO  c.n.eureka.registry.PeerAwareInstanceRegistryImpl - Got 1 instances from neighboring DS node
2022-03-20 21:30:02.310 [Thread-24] INFO  c.n.eureka.registry.PeerAwareInstanceRegistryImpl - Renew threshold is: 1
2022-03-20 21:30:02.310 [Thread-24] INFO  c.n.eureka.registry.PeerAwareInstanceRegistryImpl - Changing status to UP
2022-03-20 21:30:02.322 [Thread-24] INFO  o.s.c.n.e.s.EurekaServerInitializerConfiguration - Started Eureka Server
2022-03-20 21:30:02.325 [main] INFO  o.s.boot.web.embedded.tomcat.TomcatWebServer - Tomcat started on port(s): 8761 (http) with context path ''
2022-03-20 21:30:02.336 [main] INFO  o.s.c.n.e.s.EurekaAutoServiceRegistration - Updating port to 8761
2022-03-20 21:30:02.816 [main] INFO  com.example.cyjdiscovery.CyjDiscoveryApplication - Started CyjDiscoveryApplication in 7.98 seconds (JVM running for 9.134)
2022-03-20 21:30:03.246 [RMI TCP Connection(2)-192.168.1.9] INFO  o.a.c.core.ContainerBase.[Tomcat].[localhost].[/] - Initializing Spring DispatcherServlet 'dispatcherServlet'
2022-03-20 21:30:03.247 [RMI TCP Connection(2)-192.168.1.9] INFO  org.springframework.web.servlet.DispatcherServlet - Initializing Servlet 'dispatcherServlet'
2022-03-20 21:30:03.250 [RMI TCP Connection(2)-192.168.1.9] INFO  org.springframework.web.servlet.DispatcherServlet - Completed initialization in 3 ms
2022-03-20 21:30:33.853 [http-nio-8761-exec-4] INFO  c.netflix.eureka.registry.AbstractInstanceRegistry - Registered instance CYJ-ENTITY-CREATER/NOICE:cyj-entity-creater:8020 with status UP (replication=false)
2022-03-20 21:30:56.622 [http-nio-8761-exec-8] INFO  c.netflix.eureka.registry.AbstractInstanceRegistry - Registered instance CYJ-AUTH/NOICE:cyj-auth:8100 with status UP (replication=false)
2022-03-20 21:31:02.320 [Eureka-EvictionTimer] INFO  c.netflix.eureka.registry.AbstractInstanceRegistry - Running the evict task with compensationTime 0ms
2022-03-20 21:32:02.327 [Eureka-EvictionTimer] INFO  c.netflix.eureka.registry.AbstractInstanceRegistry - Running the evict task with compensationTime 7ms
2022-03-20 21:33:02.334 [Eureka-EvictionTimer] INFO  c.netflix.eureka.registry.AbstractInstanceRegistry - Running the evict task with compensationTime 6ms
2022-03-20 21:34:02.336 [Eureka-EvictionTimer] INFO  c.netflix.eureka.registry.AbstractInstanceRegistry - Running the evict task with compensationTime 1ms
2022-03-20 21:35:02.346 [Eureka-EvictionTimer] INFO  c.netflix.eureka.registry.AbstractInstanceRegistry - Running the evict task with compensationTime 10ms
2022-03-20 21:36:02.348 [Eureka-EvictionTimer] INFO  c.netflix.eureka.registry.AbstractInstanceRegistry - Running the evict task with compensationTime 2ms
2022-03-20 21:37:02.353 [Eureka-EvictionTimer] INFO  c.netflix.eureka.registry.AbstractInstanceRegistry - Running the evict task with compensationTime 4ms
2022-03-20 21:38:02.362 [Eureka-EvictionTimer] INFO  c.netflix.eureka.registry.AbstractInstanceRegistry - Running the evict task with compensationTime 8ms
2022-03-20 21:39:02.366 [Eureka-EvictionTimer] INFO  c.netflix.eureka.registry.AbstractInstanceRegistry - Running the evict task with compensationTime 4ms
2022-03-20 21:40:02.169 [Eureka-PeerNodesUpdater] WARN  com.netflix.eureka.cluster.PeerEurekaNodes - The replica size seems to be empty. Check the route 53 DNS Registry
2022-03-20 21:40:02.366 [Eureka-EvictionTimer] INFO  c.netflix.eureka.registry.AbstractInstanceRegistry - Running the evict task with compensationTime 0ms
2022-03-20 21:41:02.376 [Eureka-EvictionTimer] INFO  c.netflix.eureka.registry.AbstractInstanceRegistry - Running the evict task with compensationTime 9ms
2022-03-20 21:42:02.384 [Eureka-EvictionTimer] INFO  c.netflix.eureka.registry.AbstractInstanceRegistry - Running the evict task with compensationTime 8ms
2022-03-20 21:43:02.385 [Eureka-EvictionTimer] INFO  c.netflix.eureka.registry.AbstractInstanceRegistry - Running the evict task with compensationTime 0ms
2022-03-20 21:44:02.388 [Eureka-EvictionTimer] INFO  c.netflix.eureka.registry.AbstractInstanceRegistry - Running the evict task with compensationTime 3ms
2022-03-20 21:45:02.186 [ReplicaAwareInstanceRegistry - RenewalThresholdUpdater] INFO  c.n.eureka.registry.PeerAwareInstanceRegistryImpl - Current renewal threshold is : 5
2022-03-20 21:45:02.399 [Eureka-EvictionTimer] INFO  c.netflix.eureka.registry.AbstractInstanceRegistry - Running the evict task with compensationTime 10ms
2022-03-20 21:46:02.411 [Eureka-EvictionTimer] INFO  c.netflix.eureka.registry.AbstractInstanceRegistry - Running the evict task with compensationTime 12ms
2022-03-20 21:47:02.424 [Eureka-EvictionTimer] INFO  c.netflix.eureka.registry.AbstractInstanceRegistry - Running the evict task with compensationTime 12ms
2022-03-20 21:48:02.431 [Eureka-EvictionTimer] INFO  c.netflix.eureka.registry.AbstractInstanceRegistry - Running the evict task with compensationTime 7ms
2022-03-20 21:49:02.433 [Eureka-EvictionTimer] INFO  c.netflix.eureka.registry.AbstractInstanceRegistry - Running the evict task with compensationTime 2ms
