2021-12-23 00:00:23.466 [Eureka-EvictionTimer] INFO  c.netflix.eureka.registry.AbstractInstanceRegistry - Running the evict task with compensationTime 10ms
2021-12-23 00:01:23.474 [Eureka-EvictionTimer] INFO  c.netflix.eureka.registry.AbstractInstanceRegistry - Running the evict task with compensationTime 7ms
2021-12-23 00:02:23.486 [Eureka-EvictionTimer] INFO  c.netflix.eureka.registry.AbstractInstanceRegistry - Running the evict task with compensationTime 12ms
2021-12-23 00:03:23.491 [Eureka-EvictionTimer] INFO  c.netflix.eureka.registry.AbstractInstanceRegistry - Running the evict task with compensationTime 4ms
2021-12-23 00:04:23.498 [Eureka-EvictionTimer] INFO  c.netflix.eureka.registry.AbstractInstanceRegistry - Running the evict task with compensationTime 7ms
2021-12-23 00:05:23.505 [Eureka-EvictionTimer] INFO  c.netflix.eureka.registry.AbstractInstanceRegistry - Running the evict task with compensationTime 6ms
2021-12-23 00:06:23.511 [Eureka-EvictionTimer] INFO  c.netflix.eureka.registry.AbstractInstanceRegistry - Running the evict task with compensationTime 6ms
2021-12-23 00:07:23.520 [Eureka-EvictionTimer] INFO  c.netflix.eureka.registry.AbstractInstanceRegistry - Running the evict task with compensationTime 8ms
2021-12-23 00:08:23.522 [Eureka-EvictionTimer] INFO  c.netflix.eureka.registry.AbstractInstanceRegistry - Running the evict task with compensationTime 2ms
2021-12-23 00:09:23.303 [Eureka-PeerNodesUpdater] WARN  com.netflix.eureka.cluster.PeerEurekaNodes - The replica size seems to be empty. Check the route 53 DNS Registry
2021-12-23 00:09:23.303 [ReplicaAwareInstanceRegistry - RenewalThresholdUpdater] INFO  c.n.eureka.registry.PeerAwareInstanceRegistryImpl - Current renewal threshold is : 6
2021-12-23 00:09:23.527 [Eureka-EvictionTimer] INFO  c.netflix.eureka.registry.AbstractInstanceRegistry - Running the evict task with compensationTime 4ms
2021-12-23 00:09:49.617 [http-nio-8761-exec-10] INFO  c.netflix.eureka.registry.AbstractInstanceRegistry - Registered instance CYJ-ENTITY-CREATER/LAPTOP-O1KM7SNG:cyj-entity-creater:8020 with status DOWN (replication=false)
2021-12-23 00:09:52.978 [http-nio-8761-exec-3] INFO  c.netflix.eureka.registry.AbstractInstanceRegistry - Cancelled instance CYJ-ENTITY-CREATER/LAPTOP-O1KM7SNG:cyj-entity-creater:8020 (replication=false)
2021-12-23 00:10:05.207 [http-nio-8761-exec-4] INFO  c.netflix.eureka.registry.AbstractInstanceRegistry - Registered instance CYJ-ENTITY-CREATER/LAPTOP-O1KM7SNG:cyj-entity-creater:8020 with status UP (replication=false)
2021-12-23 00:10:23.530 [Eureka-EvictionTimer] INFO  c.netflix.eureka.registry.AbstractInstanceRegistry - Running the evict task with compensationTime 2ms
2021-12-23 00:11:03.585 [http-nio-8761-exec-9] INFO  c.netflix.eureka.registry.AbstractInstanceRegistry - Registered instance CYJ-AUTH/LAPTOP-O1KM7SNG:cyj-auth:8100 with status DOWN (replication=false)
2021-12-23 00:11:03.618 [SpringContextShutdownHook] INFO  o.s.c.n.e.serviceregistry.EurekaServiceRegistry - Unregistering application CYJ-DISCOVERY with eureka with status DOWN
2021-12-23 00:11:03.674 [http-nio-8761-exec-8] INFO  c.netflix.eureka.registry.AbstractInstanceRegistry - Registered instance CYJ-ENTITY-CREATER/LAPTOP-O1KM7SNG:cyj-entity-creater:8020 with status DOWN (replication=false)
2021-12-23 00:11:03.712 [http-nio-8761-exec-2] INFO  c.netflix.eureka.registry.AbstractInstanceRegistry - Registered instance CYJ-USER/LAPTOP-O1KM7SNG:cyj-user:8090 with status DOWN (replication=false)
2021-12-23 00:11:03.848 [SpringContextShutdownHook] INFO  com.netflix.eureka.DefaultEurekaServerContext - Shutting down ...
2021-12-23 00:11:03.860 [SpringContextShutdownHook] INFO  com.netflix.eureka.DefaultEurekaServerContext - Shut down
2021-12-23 00:11:03.864 [SpringContextShutdownHook] INFO  o.s.scheduling.concurrent.ThreadPoolTaskExecutor - Shutting down ExecutorService 'applicationTaskExecutor'
2021-12-23 00:11:03.868 [SpringContextShutdownHook] INFO  com.netflix.discovery.DiscoveryClient - Shutting down DiscoveryClient ...
2021-12-23 00:11:03.868 [SpringContextShutdownHook] INFO  com.netflix.discovery.DiscoveryClient - Completed shut down of DiscoveryClient
2021-12-23 00:11:06.843 [background-preinit] INFO  org.hibernate.validator.internal.util.Version - HV000001: Hibernate Validator 6.1.7.Final
2021-12-23 00:11:07.405 [main] INFO  com.example.cyjdiscovery.CyjDiscoveryApplication - The following profiles are active: dev
2021-12-23 00:11:07.897 [main] WARN  o.springframework.boot.actuate.endpoint.EndpointId - Endpoint ID 'service-registry' contains invalid characters, please migrate to a valid format.
2021-12-23 00:11:07.977 [main] INFO  o.springframework.cloud.context.scope.GenericScope - BeanFactory id=c8e55742-bb71-3a72-be02-b28b51f08dbd
2021-12-23 00:11:08.190 [main] INFO  o.s.boot.web.embedded.tomcat.TomcatWebServer - Tomcat initialized with port(s): 8761 (http)
2021-12-23 00:11:08.200 [main] INFO  org.apache.coyote.http11.Http11NioProtocol - Initializing ProtocolHandler ["http-nio-8761"]
2021-12-23 00:11:08.200 [main] INFO  org.apache.catalina.core.StandardService - Starting service [Tomcat]
2021-12-23 00:11:08.200 [main] INFO  org.apache.catalina.core.StandardEngine - Starting Servlet engine: [Apache Tomcat/9.0.41]
2021-12-23 00:11:08.271 [main] INFO  o.a.c.core.ContainerBase.[Tomcat].[localhost].[/] - Initializing Spring embedded WebApplicationContext
2021-12-23 00:11:08.271 [main] INFO  o.s.b.w.s.c.ServletWebServerApplicationContext - Root WebApplicationContext: initialization completed in 856 ms
2021-12-23 00:11:08.382 [main] INFO  com.netflix.config.sources.URLConfigurationSource - URLs to be used as dynamic configuration source: [file:/C:/Users/noice/IdeaProjects/noice-admin/cyj-discovery/target/classes/config.properties]
2021-12-23 00:11:08.392 [main] INFO  com.netflix.config.DynamicPropertyFactory - DynamicPropertyFactory is initialized with configuration sources: com.netflix.config.ConcurrentCompositeConfiguration@2a3194c6
2021-12-23 00:11:08.624 [main] INFO  c.s.j.server.impl.application.WebApplicationImpl - Initiating Jersey application, version 'Jersey: 1.19.4 05/24/2017 03:20 PM'
2021-12-23 00:11:08.672 [main] INFO  c.n.discovery.provider.DiscoveryJerseyProvider - Using JSON encoding codec LegacyJacksonJson
2021-12-23 00:11:08.672 [main] INFO  c.n.discovery.provider.DiscoveryJerseyProvider - Using JSON decoding codec LegacyJacksonJson
2021-12-23 00:11:08.742 [main] INFO  c.n.discovery.provider.DiscoveryJerseyProvider - Using XML encoding codec XStreamXml
2021-12-23 00:11:08.742 [main] INFO  c.n.discovery.provider.DiscoveryJerseyProvider - Using XML decoding codec XStreamXml
2021-12-23 00:11:09.019 [main] INFO  com.netflix.config.sources.URLConfigurationSource - URLs to be used as dynamic configuration source: [file:/C:/Users/noice/IdeaProjects/noice-admin/cyj-discovery/target/classes/config.properties]
2021-12-23 00:11:09.132 [main] INFO  o.s.scheduling.concurrent.ThreadPoolTaskExecutor - Initializing ExecutorService 'applicationTaskExecutor'
2021-12-23 00:11:09.794 [main] INFO  o.s.c.n.e.c.DiscoveryClientOptionalArgsConfiguration - Eureka HTTP Client uses Jersey
2021-12-23 00:11:09.815 [main] WARN  o.s.c.l.c.BlockingLoadBalancerClientAutoConfiguration$BlockingLoadBalancerClientRibbonWarnLogger - You already have RibbonLoadBalancerClient on your classpath. It will be used by default. As Spring Cloud Ribbon is in maintenance mode. We recommend switching to BlockingLoadBalancerClient instead. In order to use it, set the value of `spring.cloud.loadbalancer.ribbon.enabled` to `false` or remove spring-cloud-starter-netflix-ribbon from your project.
2021-12-23 00:11:09.845 [main] INFO  o.s.cloud.netflix.eureka.InstanceInfoFactory - Setting initial instance status as: STARTING
2021-12-23 00:11:09.865 [main] INFO  com.netflix.discovery.DiscoveryClient - Initializing Eureka in region us-east-1
2021-12-23 00:11:09.865 [main] INFO  com.netflix.discovery.DiscoveryClient - Client configured to neither register nor query for data.
2021-12-23 00:11:09.865 [main] INFO  com.netflix.discovery.DiscoveryClient - Discovery Client initialized at timestamp 1640189469865 with initial instances count: 0
2021-12-23 00:11:09.896 [main] INFO  com.netflix.eureka.DefaultEurekaServerContext - Initializing ...
2021-12-23 00:11:09.896 [main] WARN  com.netflix.eureka.cluster.PeerEurekaNodes - The replica size seems to be empty. Check the route 53 DNS Registry
2021-12-23 00:11:09.906 [main] INFO  c.netflix.eureka.registry.AbstractInstanceRegistry - Finished initializing remote region registries. All known remote regions: []
2021-12-23 00:11:09.906 [main] INFO  com.netflix.eureka.DefaultEurekaServerContext - Initialized
2021-12-23 00:11:09.916 [main] INFO  o.s.b.actuate.endpoint.web.EndpointLinksResolver - Exposing 2 endpoint(s) beneath base path '/actuator'
2021-12-23 00:11:09.967 [main] INFO  o.s.c.n.e.serviceregistry.EurekaServiceRegistry - Registering application CYJ-DISCOVERY with eureka with status UP
2021-12-23 00:11:09.969 [main] INFO  org.apache.coyote.http11.Http11NioProtocol - Starting ProtocolHandler ["http-nio-8761"]
2021-12-23 00:11:09.969 [Thread-17] INFO  o.s.c.netflix.eureka.server.EurekaServerBootstrap - Setting the eureka configuration..
2021-12-23 00:11:09.969 [Thread-17] INFO  o.s.c.netflix.eureka.server.EurekaServerBootstrap - Eureka data center value eureka.datacenter is not set, defaulting to default
2021-12-23 00:11:09.970 [Thread-17] INFO  o.s.c.netflix.eureka.server.EurekaServerBootstrap - Eureka environment value eureka.environment is not set, defaulting to test
2021-12-23 00:11:09.970 [Thread-17] INFO  o.s.c.netflix.eureka.server.EurekaServerBootstrap - isAws returned false
2021-12-23 00:11:09.970 [Thread-17] INFO  o.s.c.netflix.eureka.server.EurekaServerBootstrap - Initialized server context
2021-12-23 00:11:09.970 [Thread-17] INFO  c.n.eureka.registry.PeerAwareInstanceRegistryImpl - Got 1 instances from neighboring DS node
2021-12-23 00:11:09.970 [Thread-17] INFO  c.n.eureka.registry.PeerAwareInstanceRegistryImpl - Renew threshold is: 1
2021-12-23 00:11:09.970 [Thread-17] INFO  c.n.eureka.registry.PeerAwareInstanceRegistryImpl - Changing status to UP
2021-12-23 00:11:09.980 [Thread-17] INFO  o.s.c.n.e.s.EurekaServerInitializerConfiguration - Started Eureka Server
2021-12-23 00:11:09.980 [main] INFO  o.s.boot.web.embedded.tomcat.TomcatWebServer - Tomcat started on port(s): 8761 (http) with context path ''
2021-12-23 00:11:09.980 [main] INFO  o.s.c.n.e.s.EurekaAutoServiceRegistration - Updating port to 8761
2021-12-23 00:11:10.094 [http-nio-8761-exec-1] INFO  o.a.c.core.ContainerBase.[Tomcat].[localhost].[/] - Initializing Spring DispatcherServlet 'dispatcherServlet'
2021-12-23 00:11:10.094 [http-nio-8761-exec-1] INFO  org.springframework.web.servlet.DispatcherServlet - Initializing Servlet 'dispatcherServlet'
2021-12-23 00:11:10.104 [http-nio-8761-exec-1] INFO  org.springframework.web.servlet.DispatcherServlet - Completed initialization in 0 ms
2021-12-23 00:11:10.124 [http-nio-8761-exec-1] WARN  c.netflix.eureka.registry.AbstractInstanceRegistry - DS: Registry: cancel failed because Lease is not registered for: CYJ-ENTITY-CREATER/LAPTOP-O1KM7SNG:cyj-entity-creater:8020
2021-12-23 00:11:10.124 [http-nio-8761-exec-1] INFO  com.netflix.eureka.resources.InstanceResource - Not Found (Cancel): CYJ-ENTITY-CREATER - LAPTOP-O1KM7SNG:cyj-entity-creater:8020
2021-12-23 00:11:10.154 [main] INFO  com.example.cyjdiscovery.CyjDiscoveryApplication - Started CyjDiscoveryApplication in 3.906 seconds (JVM running for 4.734)
2021-12-23 00:11:10.198 [http-nio-8761-exec-4] WARN  c.netflix.eureka.registry.AbstractInstanceRegistry - DS: Registry: cancel failed because Lease is not registered for: CYJ-USER/LAPTOP-O1KM7SNG:cyj-user:8090
2021-12-23 00:11:10.198 [http-nio-8761-exec-4] INFO  com.netflix.eureka.resources.InstanceResource - Not Found (Cancel): CYJ-USER - LAPTOP-O1KM7SNG:cyj-user:8090
2021-12-23 00:11:10.471 [http-nio-8761-exec-5] WARN  c.netflix.eureka.registry.AbstractInstanceRegistry - DS: Registry: cancel failed because Lease is not registered for: CYJ-AUTH/LAPTOP-O1KM7SNG:cyj-auth:8100
2021-12-23 00:11:10.471 [http-nio-8761-exec-5] INFO  com.netflix.eureka.resources.InstanceResource - Not Found (Cancel): CYJ-AUTH - LAPTOP-O1KM7SNG:cyj-auth:8100
2021-12-23 00:11:23.481 [http-nio-8761-exec-10] INFO  c.netflix.eureka.registry.AbstractInstanceRegistry - Registered instance CYJ-ENTITY-CREATER/LAPTOP-O1KM7SNG:cyj-entity-creater:8020 with status UP (replication=false)
2021-12-23 00:11:26.044 [http-nio-8761-exec-2] INFO  c.netflix.eureka.registry.AbstractInstanceRegistry - Registered instance CYJ-AUTH/LAPTOP-O1KM7SNG:cyj-auth:8100 with status UP (replication=false)
2021-12-23 00:11:28.637 [http-nio-8761-exec-3] INFO  c.netflix.eureka.registry.AbstractInstanceRegistry - Registered instance CYJ-USER/LAPTOP-O1KM7SNG:cyj-user:8090 with status UP (replication=false)
2021-12-23 00:12:09.974 [Eureka-EvictionTimer] INFO  c.netflix.eureka.registry.AbstractInstanceRegistry - Running the evict task with compensationTime 0ms
2021-12-23 00:13:09.982 [Eureka-EvictionTimer] INFO  c.netflix.eureka.registry.AbstractInstanceRegistry - Running the evict task with compensationTime 7ms
2021-12-23 00:14:09.996 [Eureka-EvictionTimer] INFO  c.netflix.eureka.registry.AbstractInstanceRegistry - Running the evict task with compensationTime 13ms
2021-12-23 00:15:09.997 [Eureka-EvictionTimer] INFO  c.netflix.eureka.registry.AbstractInstanceRegistry - Running the evict task with compensationTime 0ms
2021-12-23 00:16:10.004 [Eureka-EvictionTimer] INFO  c.netflix.eureka.registry.AbstractInstanceRegistry - Running the evict task with compensationTime 7ms
2021-12-23 00:17:10.016 [Eureka-EvictionTimer] INFO  c.netflix.eureka.registry.AbstractInstanceRegistry - Running the evict task with compensationTime 11ms
2021-12-23 00:18:10.016 [Eureka-EvictionTimer] INFO  c.netflix.eureka.registry.AbstractInstanceRegistry - Running the evict task with compensationTime 0ms
2021-12-23 00:19:10.022 [Eureka-EvictionTimer] INFO  c.netflix.eureka.registry.AbstractInstanceRegistry - Running the evict task with compensationTime 6ms
2021-12-23 00:20:10.031 [Eureka-EvictionTimer] INFO  c.netflix.eureka.registry.AbstractInstanceRegistry - Running the evict task with compensationTime 8ms
2021-12-23 00:21:09.906 [Eureka-PeerNodesUpdater] WARN  com.netflix.eureka.cluster.PeerEurekaNodes - The replica size seems to be empty. Check the route 53 DNS Registry
2021-12-23 00:21:10.033 [Eureka-EvictionTimer] INFO  c.netflix.eureka.registry.AbstractInstanceRegistry - Running the evict task with compensationTime 2ms
2021-12-23 00:22:10.038 [Eureka-EvictionTimer] INFO  c.netflix.eureka.registry.AbstractInstanceRegistry - Running the evict task with compensationTime 4ms
2021-12-23 00:23:10.044 [Eureka-EvictionTimer] INFO  c.netflix.eureka.registry.AbstractInstanceRegistry - Running the evict task with compensationTime 6ms
2021-12-23 00:24:10.045 [Eureka-EvictionTimer] INFO  c.netflix.eureka.registry.AbstractInstanceRegistry - Running the evict task with compensationTime 0ms
2021-12-23 00:25:10.051 [Eureka-EvictionTimer] INFO  c.netflix.eureka.registry.AbstractInstanceRegistry - Running the evict task with compensationTime 5ms
2021-12-23 00:26:09.914 [ReplicaAwareInstanceRegistry - RenewalThresholdUpdater] INFO  c.n.eureka.registry.PeerAwareInstanceRegistryImpl - Current renewal threshold is : 6
2021-12-23 00:26:10.056 [Eureka-EvictionTimer] INFO  c.netflix.eureka.registry.AbstractInstanceRegistry - Running the evict task with compensationTime 4ms
2021-12-23 00:27:10.059 [Eureka-EvictionTimer] INFO  c.netflix.eureka.registry.AbstractInstanceRegistry - Running the evict task with compensationTime 3ms
2021-12-23 00:28:10.069 [Eureka-EvictionTimer] INFO  c.netflix.eureka.registry.AbstractInstanceRegistry - Running the evict task with compensationTime 10ms
2021-12-23 00:29:10.075 [Eureka-EvictionTimer] INFO  c.netflix.eureka.registry.AbstractInstanceRegistry - Running the evict task with compensationTime 5ms
2021-12-23 00:30:10.083 [Eureka-EvictionTimer] INFO  c.netflix.eureka.registry.AbstractInstanceRegistry - Running the evict task with compensationTime 7ms
2021-12-23 00:31:09.913 [Eureka-PeerNodesUpdater] WARN  com.netflix.eureka.cluster.PeerEurekaNodes - The replica size seems to be empty. Check the route 53 DNS Registry
2021-12-23 00:31:10.090 [Eureka-EvictionTimer] INFO  c.netflix.eureka.registry.AbstractInstanceRegistry - Running the evict task with compensationTime 7ms
2021-12-23 00:32:10.101 [Eureka-EvictionTimer] INFO  c.netflix.eureka.registry.AbstractInstanceRegistry - Running the evict task with compensationTime 10ms
2021-12-23 00:33:10.103 [Eureka-EvictionTimer] INFO  c.netflix.eureka.registry.AbstractInstanceRegistry - Running the evict task with compensationTime 2ms
2021-12-23 00:34:10.112 [Eureka-EvictionTimer] INFO  c.netflix.eureka.registry.AbstractInstanceRegistry - Running the evict task with compensationTime 9ms
2021-12-23 00:35:10.117 [Eureka-EvictionTimer] INFO  c.netflix.eureka.registry.AbstractInstanceRegistry - Running the evict task with compensationTime 4ms
2021-12-23 00:36:10.127 [Eureka-EvictionTimer] INFO  c.netflix.eureka.registry.AbstractInstanceRegistry - Running the evict task with compensationTime 10ms
2021-12-23 00:37:10.131 [Eureka-EvictionTimer] INFO  c.netflix.eureka.registry.AbstractInstanceRegistry - Running the evict task with compensationTime 3ms
2021-12-23 00:38:10.131 [Eureka-EvictionTimer] INFO  c.netflix.eureka.registry.AbstractInstanceRegistry - Running the evict task with compensationTime 0ms
2021-12-23 00:38:58.337 [SpringContextShutdownHook] INFO  o.s.c.n.e.serviceregistry.EurekaServiceRegistry - Unregistering application CYJ-DISCOVERY with eureka with status DOWN
2021-12-23 00:38:58.399 [http-nio-8761-exec-7] INFO  c.netflix.eureka.registry.AbstractInstanceRegistry - Registered instance CYJ-AUTH/LAPTOP-O1KM7SNG:cyj-auth:8100 with status DOWN (replication=false)
2021-12-23 00:38:58.441 [http-nio-8761-exec-8] INFO  c.netflix.eureka.registry.AbstractInstanceRegistry - Registered instance CYJ-USER/LAPTOP-O1KM7SNG:cyj-user:8090 with status DOWN (replication=false)
2021-12-23 00:38:58.483 [http-nio-8761-exec-6] INFO  c.netflix.eureka.registry.AbstractInstanceRegistry - Registered instance CYJ-ENTITY-CREATER/LAPTOP-O1KM7SNG:cyj-entity-creater:8020 with status DOWN (replication=false)
2021-12-23 00:38:58.520 [SpringContextShutdownHook] INFO  com.netflix.eureka.DefaultEurekaServerContext - Shutting down ...
2021-12-23 00:38:58.531 [SpringContextShutdownHook] INFO  com.netflix.eureka.DefaultEurekaServerContext - Shut down
2021-12-23 00:38:58.541 [SpringContextShutdownHook] INFO  o.s.scheduling.concurrent.ThreadPoolTaskExecutor - Shutting down ExecutorService 'applicationTaskExecutor'
2021-12-23 00:38:58.541 [SpringContextShutdownHook] INFO  com.netflix.discovery.DiscoveryClient - Shutting down DiscoveryClient ...
2021-12-23 00:38:58.541 [SpringContextShutdownHook] INFO  com.netflix.discovery.DiscoveryClient - Completed shut down of DiscoveryClient
