2022-01-04 00:02:04.997 [AsyncResolver-bootstrap-executor-0] INFO  c.n.d.shared.resolver.aws.ConfigClusterResolver - Resolving eureka endpoints via configuration
2022-01-04 00:07:05.008 [AsyncResolver-bootstrap-executor-0] INFO  c.n.d.shared.resolver.aws.ConfigClusterResolver - Resolving eureka endpoints via configuration
2022-01-04 00:09:44.089 [SpringContextShutdownHook] INFO  o.s.c.n.e.serviceregistry.EurekaServiceRegistry - Unregistering application CYJ-DICTIONARY with eureka with status DOWN
2022-01-04 00:09:44.089 [SpringContextShutdownHook] INFO  com.netflix.discovery.DiscoveryClient - Saw local status change event StatusChangeEvent [timestamp=1641226184089, current=DOWN, previous=UP]
2022-01-04 00:09:44.100 [DiscoveryClient-InstanceInfoReplicator-0] INFO  com.netflix.discovery.DiscoveryClient - DiscoveryClient_CYJ-DICTIONARY/host.docker.internal:cyj-dictionary:8030: registering service...
2022-01-04 00:09:44.105 [DiscoveryClient-InstanceInfoReplicator-0] INFO  com.netflix.discovery.DiscoveryClient - DiscoveryClient_CYJ-DICTIONARY/host.docker.internal:cyj-dictionary:8030 - registration status: 204
2022-01-04 00:09:44.498 [SpringContextShutdownHook] INFO  o.s.scheduling.concurrent.ThreadPoolTaskExecutor - Shutting down ExecutorService 'applicationTaskExecutor'
2022-01-04 00:09:44.508 [SpringContextShutdownHook] INFO  o.s.orm.jpa.LocalContainerEntityManagerFactoryBean - Closing JPA EntityManagerFactory for persistence unit 'default'
2022-01-04 00:09:44.508 [SpringContextShutdownHook] INFO  com.zaxxer.hikari.HikariDataSource - HikariPool-1 - Shutdown initiated...
2022-01-04 00:09:44.508 [SpringContextShutdownHook] INFO  com.zaxxer.hikari.HikariDataSource - HikariPool-1 - Shutdown completed.
2022-01-04 00:09:44.519 [SpringContextShutdownHook] INFO  com.netflix.discovery.DiscoveryClient - Shutting down DiscoveryClient ...
2022-01-04 00:09:47.520 [SpringContextShutdownHook] INFO  com.netflix.discovery.DiscoveryClient - Unregistering ...
2022-01-04 00:09:47.531 [SpringContextShutdownHook] INFO  com.netflix.discovery.DiscoveryClient - DiscoveryClient_CYJ-DICTIONARY/host.docker.internal:cyj-dictionary:8030 - deregister  status: 200
2022-01-04 00:09:47.541 [SpringContextShutdownHook] INFO  com.netflix.discovery.DiscoveryClient - Completed shut down of DiscoveryClient
2022-01-04 00:11:29.739 [background-preinit] INFO  org.hibernate.validator.internal.util.Version - HV000001: Hibernate Validator 6.1.7.Final
2022-01-04 00:11:30.418 [main] INFO  com.example.cyjdictionary.CyjDictionaryApplication - No active profile set, falling back to default profiles: default
2022-01-04 00:11:30.927 [main] INFO  o.s.d.r.config.RepositoryConfigurationDelegate - Multiple Spring Data modules found, entering strict repository configuration mode!
2022-01-04 00:11:30.927 [main] INFO  o.s.d.r.config.RepositoryConfigurationDelegate - Bootstrapping Spring Data JPA repositories in DEFAULT mode.
2022-01-04 00:11:31.022 [main] INFO  o.s.d.r.config.RepositoryConfigurationDelegate - Finished Spring Data repository scanning in 90ms. Found 5 JPA repository interfaces.
2022-01-04 00:11:31.291 [main] INFO  o.s.d.r.config.RepositoryConfigurationDelegate - Multiple Spring Data modules found, entering strict repository configuration mode!
2022-01-04 00:11:31.291 [main] INFO  o.s.d.r.config.RepositoryConfigurationDelegate - Bootstrapping Spring Data Redis repositories in DEFAULT mode.
2022-01-04 00:11:31.312 [main] INFO  o.s.d.r.c.RepositoryConfigurationExtensionSupport - Spring Data Redis - Could not safely identify store assignment for repository candidate interface com.example.cyjdictionary.dao.auto.CatalogDao. If you want this repository to be a Redis repository, consider annotating your entities with one of these annotations: org.springframework.data.redis.core.RedisHash (preferred), or consider extending one of the following types with your repository: org.springframework.data.keyvalue.repository.KeyValueRepository.
2022-01-04 00:11:31.312 [main] INFO  o.s.d.r.c.RepositoryConfigurationExtensionSupport - Spring Data Redis - Could not safely identify store assignment for repository candidate interface com.example.cyjdictionary.dao.auto.DictionaryDao. If you want this repository to be a Redis repository, consider annotating your entities with one of these annotations: org.springframework.data.redis.core.RedisHash (preferred), or consider extending one of the following types with your repository: org.springframework.data.keyvalue.repository.KeyValueRepository.
2022-01-04 00:11:31.312 [main] INFO  o.s.d.r.c.RepositoryConfigurationExtensionSupport - Spring Data Redis - Could not safely identify store assignment for repository candidate interface com.example.cyjdictionary.dao.custom.CatalogCustomDao. If you want this repository to be a Redis repository, consider annotating your entities with one of these annotations: org.springframework.data.redis.core.RedisHash (preferred), or consider extending one of the following types with your repository: org.springframework.data.keyvalue.repository.KeyValueRepository.
2022-01-04 00:11:31.312 [main] INFO  o.s.d.r.c.RepositoryConfigurationExtensionSupport - Spring Data Redis - Could not safely identify store assignment for repository candidate interface com.example.cyjdictionary.dao.custom.DictionaryCustomDao. If you want this repository to be a Redis repository, consider annotating your entities with one of these annotations: org.springframework.data.redis.core.RedisHash (preferred), or consider extending one of the following types with your repository: org.springframework.data.keyvalue.repository.KeyValueRepository.
2022-01-04 00:11:31.312 [main] INFO  o.s.d.r.config.RepositoryConfigurationDelegate - Finished Spring Data repository scanning in 13ms. Found 0 Redis repository interfaces.
2022-01-04 00:11:31.457 [main] WARN  o.springframework.boot.actuate.endpoint.EndpointId - Endpoint ID 'service-registry' contains invalid characters, please migrate to a valid format.
2022-01-04 00:11:31.581 [main] INFO  o.springframework.cloud.context.scope.GenericScope - BeanFactory id=f1f84cb2-21a2-30b5-803f-c4787b580194
2022-01-04 00:11:31.877 [main] INFO  o.s.boot.web.embedded.tomcat.TomcatWebServer - Tomcat initialized with port(s): 8030 (http)
2022-01-04 00:11:31.887 [main] INFO  org.apache.coyote.http11.Http11NioProtocol - Initializing ProtocolHandler ["http-nio-8030"]
2022-01-04 00:11:31.887 [main] INFO  org.apache.catalina.core.StandardService - Starting service [Tomcat]
2022-01-04 00:11:31.887 [main] INFO  org.apache.catalina.core.StandardEngine - Starting Servlet engine: [Apache Tomcat/9.0.41]
2022-01-04 00:11:32.001 [main] INFO  o.a.c.core.ContainerBase.[Tomcat].[localhost].[/] - Initializing Spring embedded WebApplicationContext
2022-01-04 00:11:32.001 [main] INFO  o.s.b.w.s.c.ServletWebServerApplicationContext - Root WebApplicationContext: initialization completed in 1553 ms
2022-01-04 00:11:32.073 [main] INFO  com.netflix.config.sources.URLConfigurationSource - URLs to be used as dynamic configuration source: [file:/C:/Users/noice/IdeaProjects/noice-admin/cyj-dictionary/target/classes/config.properties]
2022-01-04 00:11:32.083 [main] INFO  com.netflix.config.DynamicPropertyFactory - DynamicPropertyFactory is initialized with configuration sources: com.netflix.config.ConcurrentCompositeConfiguration@25a1a012
2022-01-04 00:11:32.299 [main] INFO  org.hibernate.jpa.internal.util.LogHelper - HHH000204: Processing PersistenceUnitInfo [name: default]
2022-01-04 00:11:32.345 [main] INFO  org.hibernate.Version - HHH000412: Hibernate ORM core version 5.4.27.Final
2022-01-04 00:11:32.484 [main] INFO  org.hibernate.annotations.common.Version - HCANN000001: Hibernate Commons Annotations {5.1.2.Final}
2022-01-04 00:11:32.589 [main] INFO  com.zaxxer.hikari.HikariDataSource - HikariPool-1 - Starting...
2022-01-04 00:11:32.610 [main] INFO  com.zaxxer.hikari.HikariDataSource - HikariPool-1 - Start completed.
2022-01-04 00:11:32.630 [main] INFO  org.hibernate.dialect.Dialect - HHH000400: Using dialect: org.hibernate.dialect.MySQL8Dialect
2022-01-04 00:11:33.318 [main] INFO  o.h.e.t.jta.platform.internal.JtaPlatformInitiator - HHH000490: Using JtaPlatform implementation: [org.hibernate.engine.transaction.jta.platform.internal.NoJtaPlatform]
2022-01-04 00:11:33.328 [main] INFO  o.s.orm.jpa.LocalContainerEntityManagerFactoryBean - Initialized JPA EntityManagerFactory for persistence unit 'default'
2022-01-04 00:11:33.866 [main] INFO  com.netflix.config.sources.URLConfigurationSource - URLs to be used as dynamic configuration source: [file:/C:/Users/noice/IdeaProjects/noice-admin/cyj-dictionary/target/classes/config.properties]
2022-01-04 00:11:33.983 [main] WARN  o.s.b.a.o.j.JpaBaseConfiguration$JpaWebConfiguration - spring.jpa.open-in-view is enabled by default. Therefore, database queries may be performed during view rendering. Explicitly configure spring.jpa.open-in-view to disable this warning
2022-01-04 00:11:34.058 [main] INFO  o.s.scheduling.concurrent.ThreadPoolTaskExecutor - Initializing ExecutorService 'applicationTaskExecutor'
2022-01-04 00:11:35.093 [main] INFO  o.s.b.actuate.endpoint.web.EndpointLinksResolver - Exposing 2 endpoint(s) beneath base path '/actuator'
2022-01-04 00:11:35.597 [main] INFO  o.s.c.n.e.c.DiscoveryClientOptionalArgsConfiguration - Eureka HTTP Client uses Jersey
2022-01-04 00:11:35.618 [main] WARN  o.s.c.l.c.BlockingLoadBalancerClientAutoConfiguration$BlockingLoadBalancerClientRibbonWarnLogger - You already have RibbonLoadBalancerClient on your classpath. It will be used by default. As Spring Cloud Ribbon is in maintenance mode. We recommend switching to BlockingLoadBalancerClient instead. In order to use it, set the value of `spring.cloud.loadbalancer.ribbon.enabled` to `false` or remove spring-cloud-starter-netflix-ribbon from your project.
2022-01-04 00:11:35.722 [main] INFO  o.s.cloud.netflix.eureka.InstanceInfoFactory - Setting initial instance status as: STARTING
2022-01-04 00:11:35.753 [main] INFO  com.netflix.discovery.DiscoveryClient - Initializing Eureka in region us-east-1
2022-01-04 00:11:35.876 [main] INFO  c.n.discovery.provider.DiscoveryJerseyProvider - Using JSON encoding codec LegacyJacksonJson
2022-01-04 00:11:35.876 [main] INFO  c.n.discovery.provider.DiscoveryJerseyProvider - Using JSON decoding codec LegacyJacksonJson
2022-01-04 00:11:35.969 [main] INFO  c.n.discovery.provider.DiscoveryJerseyProvider - Using XML encoding codec XStreamXml
2022-01-04 00:11:35.969 [main] INFO  c.n.discovery.provider.DiscoveryJerseyProvider - Using XML decoding codec XStreamXml
2022-01-04 00:11:36.187 [main] INFO  c.n.d.shared.resolver.aws.ConfigClusterResolver - Resolving eureka endpoints via configuration
2022-01-04 00:11:36.372 [main] INFO  com.netflix.discovery.DiscoveryClient - Disable delta property : false
2022-01-04 00:11:36.372 [main] INFO  com.netflix.discovery.DiscoveryClient - Single vip registry refresh property : null
2022-01-04 00:11:36.372 [main] INFO  com.netflix.discovery.DiscoveryClient - Force full registry fetch : false
2022-01-04 00:11:36.372 [main] INFO  com.netflix.discovery.DiscoveryClient - Application is null : false
2022-01-04 00:11:36.372 [main] INFO  com.netflix.discovery.DiscoveryClient - Registered Applications size is zero : true
2022-01-04 00:11:36.372 [main] INFO  com.netflix.discovery.DiscoveryClient - Application version is -1: true
2022-01-04 00:11:36.372 [main] INFO  com.netflix.discovery.DiscoveryClient - Getting all instance registry info from the eureka server
2022-01-04 00:11:36.535 [main] INFO  com.netflix.discovery.DiscoveryClient - The response status is 200
2022-01-04 00:11:36.535 [main] INFO  com.netflix.discovery.DiscoveryClient - Starting heartbeat executor: renew interval is: 30
2022-01-04 00:11:36.535 [main] INFO  com.netflix.discovery.InstanceInfoReplicator - InstanceInfoReplicator onDemand update allowed rate per min is 4
2022-01-04 00:11:36.545 [main] INFO  com.netflix.discovery.DiscoveryClient - Discovery Client initialized at timestamp 1641226296545 with initial instances count: 3
2022-01-04 00:11:36.545 [main] INFO  o.s.c.n.e.serviceregistry.EurekaServiceRegistry - Registering application CYJ-DICTIONARY with eureka with status UP
2022-01-04 00:11:36.545 [main] INFO  com.netflix.discovery.DiscoveryClient - Saw local status change event StatusChangeEvent [timestamp=1641226296545, current=UP, previous=STARTING]
2022-01-04 00:11:36.545 [main] INFO  org.apache.coyote.http11.Http11NioProtocol - Starting ProtocolHandler ["http-nio-8030"]
2022-01-04 00:11:36.545 [DiscoveryClient-InstanceInfoReplicator-0] INFO  com.netflix.discovery.DiscoveryClient - DiscoveryClient_CYJ-DICTIONARY/host.docker.internal:cyj-dictionary:8030: registering service...
2022-01-04 00:11:36.577 [main] INFO  o.s.boot.web.embedded.tomcat.TomcatWebServer - Tomcat started on port(s): 8030 (http) with context path ''
2022-01-04 00:11:36.577 [main] INFO  o.s.c.n.e.s.EurekaAutoServiceRegistration - Updating port to 8030
2022-01-04 00:11:36.587 [DiscoveryClient-InstanceInfoReplicator-0] INFO  com.netflix.discovery.DiscoveryClient - DiscoveryClient_CYJ-DICTIONARY/host.docker.internal:cyj-dictionary:8030 - registration status: 204
2022-01-04 00:11:36.843 [main] INFO  com.example.cyjdictionary.CyjDictionaryApplication - Started CyjDictionaryApplication in 7.991 seconds (JVM running for 9.03)
2022-01-04 00:11:37.497 [RMI TCP Connection(4)-192.168.1.7] INFO  o.a.c.core.ContainerBase.[Tomcat].[localhost].[/] - Initializing Spring DispatcherServlet 'dispatcherServlet'
2022-01-04 00:11:37.497 [RMI TCP Connection(4)-192.168.1.7] INFO  org.springframework.web.servlet.DispatcherServlet - Initializing Servlet 'dispatcherServlet'
2022-01-04 00:11:37.497 [RMI TCP Connection(4)-192.168.1.7] INFO  org.springframework.web.servlet.DispatcherServlet - Completed initialization in 0 ms
2022-01-04 00:16:36.386 [AsyncResolver-bootstrap-executor-0] INFO  c.n.d.shared.resolver.aws.ConfigClusterResolver - Resolving eureka endpoints via configuration
